[2021-01-28 22:14:55.849] [exthost] [info] extension host started
[2021-01-28 22:14:55.929] [exthost] [info] ExtensionService#_doActivateExtension vscode.php-language-features {"startup":false,"extensionId":{"value":"vscode.php-language-features","_lower":"vscode.php-language-features"},"activationEvent":"onLanguage:php"}
[2021-01-28 22:14:55.929] [exthost] [info] ExtensionService#loadCommonJSModule file:///usr/lib/code/extensions/php-language-features/dist/phpMain
[2021-01-28 22:14:55.951] [exthost] [info] ExtensionService#_doActivateExtension felixfbecker.php-intellisense {"startup":false,"extensionId":{"value":"felixfbecker.php-intellisense","_lower":"felixfbecker.php-intellisense"},"activationEvent":"onLanguage:php"}
[2021-01-28 22:14:55.951] [exthost] [info] ExtensionService#loadCommonJSModule file:///home/raptor/.vscode-oss/extensions/felixfbecker.php-intellisense-2.3.14/out/extension
[2021-01-28 22:14:55.952] [exthost] [info] ExtensionService#_doActivateExtension vscode.debug-auto-launch {"startup":true,"extensionId":{"value":"vscode.debug-auto-launch","_lower":"vscode.debug-auto-launch"},"activationEvent":"*"}
[2021-01-28 22:14:55.953] [exthost] [info] ExtensionService#loadCommonJSModule file:///usr/lib/code/extensions/debug-auto-launch/dist/extension
[2021-01-28 22:14:55.956] [exthost] [info] ExtensionService#_doActivateExtension vscode.emmet {"startup":true,"extensionId":{"value":"vscode.emmet","_lower":"vscode.emmet"},"activationEvent":"*"}
[2021-01-28 22:14:55.956] [exthost] [info] ExtensionService#loadCommonJSModule file:///usr/lib/code/extensions/emmet/dist/node/emmetNodeMain
[2021-01-28 22:14:55.975] [exthost] [info] ExtensionService#_doActivateExtension vscode.git {"startup":true,"extensionId":{"value":"vscode.github","_lower":"vscode.github"},"activationEvent":"*"}
[2021-01-28 22:14:55.976] [exthost] [info] ExtensionService#loadCommonJSModule file:///usr/lib/code/extensions/git/dist/main
[2021-01-28 22:14:56.036] [exthost] [info] ExtensionService#_doActivateExtension vscode.merge-conflict {"startup":true,"extensionId":{"value":"vscode.merge-conflict","_lower":"vscode.merge-conflict"},"activationEvent":"*"}
[2021-01-28 22:14:56.036] [exthost] [info] ExtensionService#loadCommonJSModule file:///usr/lib/code/extensions/merge-conflict/dist/mergeConflictMain
[2021-01-28 22:14:56.045] [exthost] [info] ExtensionService#_doActivateExtension vscode.search-result {"startup":true,"extensionId":{"value":"vscode.search-result","_lower":"vscode.search-result"},"activationEvent":"*"}
[2021-01-28 22:14:56.045] [exthost] [info] ExtensionService#loadCommonJSModule file:///usr/lib/code/extensions/search-result/dist/extension.js
[2021-01-28 22:14:56.047] [exthost] [info] ExtensionService#_doActivateExtension vscodevim.vim {"startup":true,"extensionId":{"value":"vscodevim.vim","_lower":"vscodevim.vim"},"activationEvent":"*"}
[2021-01-28 22:14:56.047] [exthost] [info] ExtensionService#loadCommonJSModule file:///home/raptor/.vscode-oss/extensions/vscodevim.vim-1.18.5/out/extension
[2021-01-28 22:14:56.108] [exthost] [error] Activating extension felixfbecker.php-intellisense failed due to an error:
[2021-01-28 22:14:56.114] [exthost] [error] Error: Cannot find module '/home/raptor/.vscode-oss/extensions/felixfbecker.php-intellisense-2.3.14/out/extension'
Require stack:
- /usr/lib/code/out/vs/loader.js
- /usr/lib/code/out/bootstrap-amd.js
- /usr/lib/code/out/bootstrap-fork.js
	at Function.Module._resolveFilename (internal/modules/cjs/loader.js:797:17)
	at Module._load (internal/modules/cjs/loader.js:690:27)
	at Function.Module._load (electron/js2c/asar.js:769:28)
	at Function.t._load (/usr/lib/code/out/vs/workbench/services/extensions/node/extensionHostProcess.js:1092:657)
	at Function.i._load (/usr/lib/code/out/vs/workbench/services/extensions/node/extensionHostProcess.js:1061:334)
	at Function.n._load (/usr/lib/code/out/vs/workbench/services/extensions/node/extensionHostProcess.js:1057:567)
	at Module.require (internal/modules/cjs/loader.js:852:19)
	at require (internal/modules/cjs/helpers.js:74:18)
	at Function.r [as __$__nodeRequire] (/usr/lib/code/out/vs/loader.js:20:263)
	at p._loadCommonJSModule (/usr/lib/code/out/vs/workbench/services/extensions/node/extensionHostProcess.js:1062:631)
	at p._doActivateExtension (/usr/lib/code/out/vs/workbench/services/extensions/node/extensionHostProcess.js:958:742)
	at p._activateExtension (/usr/lib/code/out/vs/workbench/services/extensions/node/extensionHostProcess.js:957:822)
	at processTicksAndRejections (internal/process/task_queues.js:94:5)
	at async Promise.all (index 1)
[2021-01-28 22:14:56.649] [exthost] [info] ExtensionService#_doActivateExtension vscode.github {"startup":true,"extensionId":{"value":"vscode.github","_lower":"vscode.github"},"activationEvent":"*"}
[2021-01-28 22:14:56.649] [exthost] [info] ExtensionService#loadCommonJSModule file:///usr/lib/code/extensions/github/dist/extension.js
[2021-01-28 22:14:56.664] [exthost] [info] ExtensionService#_doActivateExtension ms-vscode.js-debug {"startup":false,"extensionId":{"value":"ms-vscode.js-debug","_lower":"ms-vscode.js-debug"},"activationEvent":"onCommand:extension.js-debug.clearAutoAttachVariables"}
[2021-01-28 22:14:56.664] [exthost] [info] ExtensionService#loadCommonJSModule file:///usr/lib/code/extensions/ms-vscode.js-debug/src/extension.js
[2021-01-28 22:14:57.443] [exthost] [info] eager extensions activated
[2021-01-28 22:19:55.079] [exthost] [info] ExtensionService#_doActivateExtension bmewburn.vscode-intelephense-client {"startup":false,"extensionId":{"value":"bmewburn.vscode-intelephense-client","_lower":"bmewburn.vscode-intelephense-client"},"activationEvent":"onLanguage:php"}
[2021-01-28 22:19:55.079] [exthost] [info] ExtensionService#loadCommonJSModule file:///home/raptor/.vscode-oss/extensions/bmewburn.vscode-intelephense-client-1.6.1/lib/extension
[2021-01-28 23:53:23.570] [exthost] [info] ExtensionService#_doActivateExtension vscode.css-language-features {"startup":false,"extensionId":{"value":"vscode.css-language-features","_lower":"vscode.css-language-features"},"activationEvent":"onLanguage:css"}
[2021-01-28 23:53:23.571] [exthost] [info] ExtensionService#loadCommonJSModule file:///usr/lib/code/extensions/css-language-features/client/dist/node/cssClientMain
[2021-01-28 23:53:55.744] [exthost] [info] ExtensionService#_doActivateExtension vscode.html-language-features {"startup":false,"extensionId":{"value":"vscode.html-language-features","_lower":"vscode.html-language-features"},"activationEvent":"onLanguage:html"}
[2021-01-28 23:53:55.744] [exthost] [info] ExtensionService#loadCommonJSModule file:///usr/lib/code/extensions/html-language-features/client/dist/node/htmlClientMain
[2021-01-29 00:59:35.111] [exthost] [info] ExtensionService#_doActivateExtension vscode.extension-editing {"startup":false,"extensionId":{"value":"vscode.extension-editing","_lower":"vscode.extension-editing"},"activationEvent":"onLanguage:typescript"}
[2021-01-29 00:59:35.112] [exthost] [info] ExtensionService#loadCommonJSModule file:///usr/lib/code/extensions/extension-editing/dist/extensionEditingMain
[2021-01-29 00:59:35.312] [exthost] [info] ExtensionService#_doActivateExtension vscode.typescript-language-features {"startup":false,"extensionId":{"value":"vscode.typescript-language-features","_lower":"vscode.typescript-language-features"},"activationEvent":"onLanguage:typescript"}
[2021-01-29 00:59:35.312] [exthost] [info] ExtensionService#loadCommonJSModule file:///usr/lib/code/extensions/typescript-language-features/dist/extension
[2021-01-29 16:17:25.940] [exthost] [error] [bmewburn.vscode-intelephense-client] provider FAILED
[2021-01-29 16:17:25.944] [exthost] [error] Canceled: Canceled
	at w.makeCancelError (/home/raptor/.vscode-oss/extensions/bmewburn.vscode-intelephense-client-1.6.1/lib/extension.js:1:128320)
	at w.handleFailedRequest (/home/raptor/.vscode-oss/extensions/bmewburn.vscode-intelephense-client-1.6.1/lib/extension.js:1:128171)
	at /home/raptor/.vscode-oss/extensions/bmewburn.vscode-intelephense-client-1.6.1/lib/extension.js:1:91986
[2021-01-29 16:18:03.529] [exthost] [error] [bmewburn.vscode-intelephense-client] provider FAILED
[2021-01-29 16:18:03.529] [exthost] [error] Canceled: Canceled
	at w.makeCancelError (/home/raptor/.vscode-oss/extensions/bmewburn.vscode-intelephense-client-1.6.1/lib/extension.js:1:128320)
	at w.handleFailedRequest (/home/raptor/.vscode-oss/extensions/bmewburn.vscode-intelephense-client-1.6.1/lib/extension.js:1:128171)
	at /home/raptor/.vscode-oss/extensions/bmewburn.vscode-intelephense-client-1.6.1/lib/extension.js:1:91986
[2021-01-29 16:18:07.449] [exthost] [error] [bmewburn.vscode-intelephense-client] provider FAILED
[2021-01-29 16:18:07.449] [exthost] [error] Canceled: Canceled
	at w.makeCancelError (/home/raptor/.vscode-oss/extensions/bmewburn.vscode-intelephense-client-1.6.1/lib/extension.js:1:128320)
	at w.handleFailedRequest (/home/raptor/.vscode-oss/extensions/bmewburn.vscode-intelephense-client-1.6.1/lib/extension.js:1:128171)
	at /home/raptor/.vscode-oss/extensions/bmewburn.vscode-intelephense-client-1.6.1/lib/extension.js:1:91986
[2021-01-29 16:18:13.663] [exthost] [error] [bmewburn.vscode-intelephense-client] provider FAILED
[2021-01-29 16:18:13.663] [exthost] [error] Canceled: Canceled
	at w.makeCancelError (/home/raptor/.vscode-oss/extensions/bmewburn.vscode-intelephense-client-1.6.1/lib/extension.js:1:128320)
	at w.handleFailedRequest (/home/raptor/.vscode-oss/extensions/bmewburn.vscode-intelephense-client-1.6.1/lib/extension.js:1:128171)
	at /home/raptor/.vscode-oss/extensions/bmewburn.vscode-intelephense-client-1.6.1/lib/extension.js:1:91986
[2021-01-29 16:18:13.686] [exthost] [error] [bmewburn.vscode-intelephense-client] provider FAILED
[2021-01-29 16:18:13.686] [exthost] [error] Canceled: Canceled
	at w.makeCancelError (/home/raptor/.vscode-oss/extensions/bmewburn.vscode-intelephense-client-1.6.1/lib/extension.js:1:128320)
	at w.handleFailedRequest (/home/raptor/.vscode-oss/extensions/bmewburn.vscode-intelephense-client-1.6.1/lib/extension.js:1:128171)
	at /home/raptor/.vscode-oss/extensions/bmewburn.vscode-intelephense-client-1.6.1/lib/extension.js:1:91986
[2021-01-29 18:20:17.411] [exthost] [info] ExtensionService#_doActivateExtension vscode.configuration-editing {"startup":false,"extensionId":{"value":"vscode.configuration-editing","_lower":"vscode.configuration-editing"},"activationEvent":"onLanguage:jsonc"}
[2021-01-29 18:20:17.412] [exthost] [info] ExtensionService#loadCommonJSModule file:///usr/lib/code/extensions/configuration-editing/dist/configurationEditingMain
[2021-01-29 18:20:17.424] [exthost] [info] ExtensionService#_doActivateExtension vscode.json-language-features {"startup":false,"extensionId":{"value":"vscode.json-language-features","_lower":"vscode.json-language-features"},"activationEvent":"onLanguage:jsonc"}
[2021-01-29 18:20:17.424] [exthost] [info] ExtensionService#loadCommonJSModule file:///usr/lib/code/extensions/json-language-features/client/dist/node/jsonClientMain
[2021-01-29 23:01:45.182] [exthost] [error] [bmewburn.vscode-intelephense-client] provider FAILED
[2021-01-29 23:01:45.183] [exthost] [error] Canceled: Canceled
	at w.makeCancelError (/home/raptor/.vscode-oss/extensions/bmewburn.vscode-intelephense-client-1.6.1/lib/extension.js:1:128320)
	at w.handleFailedRequest (/home/raptor/.vscode-oss/extensions/bmewburn.vscode-intelephense-client-1.6.1/lib/extension.js:1:128171)
	at /home/raptor/.vscode-oss/extensions/bmewburn.vscode-intelephense-client-1.6.1/lib/extension.js:1:91986
[2021-01-29 23:03:03.176] [exthost] [error] [bmewburn.vscode-intelephense-client] provider FAILED
[2021-01-29 23:03:03.176] [exthost] [error] Canceled: Canceled
	at w.makeCancelError (/home/raptor/.vscode-oss/extensions/bmewburn.vscode-intelephense-client-1.6.1/lib/extension.js:1:128320)
	at w.handleFailedRequest (/home/raptor/.vscode-oss/extensions/bmewburn.vscode-intelephense-client-1.6.1/lib/extension.js:1:128171)
	at /home/raptor/.vscode-oss/extensions/bmewburn.vscode-intelephense-client-1.6.1/lib/extension.js:1:91986
[2021-01-29 23:03:03.232] [exthost] [error] [bmewburn.vscode-intelephense-client] provider FAILED
[2021-01-29 23:03:03.233] [exthost] [error] Canceled: Canceled
	at w.makeCancelError (/home/raptor/.vscode-oss/extensions/bmewburn.vscode-intelephense-client-1.6.1/lib/extension.js:1:128320)
	at w.handleFailedRequest (/home/raptor/.vscode-oss/extensions/bmewburn.vscode-intelephense-client-1.6.1/lib/extension.js:1:128171)
	at /home/raptor/.vscode-oss/extensions/bmewburn.vscode-intelephense-client-1.6.1/lib/extension.js:1:91986
[2021-01-29 23:21:08.795] [exthost] [error] [bmewburn.vscode-intelephense-client] provider FAILED
[2021-01-29 23:21:08.796] [exthost] [error] Canceled: Canceled
	at w.makeCancelError (/home/raptor/.vscode-oss/extensions/bmewburn.vscode-intelephense-client-1.6.1/lib/extension.js:1:128320)
	at w.handleFailedRequest (/home/raptor/.vscode-oss/extensions/bmewburn.vscode-intelephense-client-1.6.1/lib/extension.js:1:128171)
	at /home/raptor/.vscode-oss/extensions/bmewburn.vscode-intelephense-client-1.6.1/lib/extension.js:1:91986
[2021-01-29 23:21:09.592] [exthost] [error] [bmewburn.vscode-intelephense-client] provider FAILED
[2021-01-29 23:21:09.592] [exthost] [error] Canceled: Canceled
	at w.makeCancelError (/home/raptor/.vscode-oss/extensions/bmewburn.vscode-intelephense-client-1.6.1/lib/extension.js:1:128320)
	at w.handleFailedRequest (/home/raptor/.vscode-oss/extensions/bmewburn.vscode-intelephense-client-1.6.1/lib/extension.js:1:128171)
	at /home/raptor/.vscode-oss/extensions/bmewburn.vscode-intelephense-client-1.6.1/lib/extension.js:1:91986
[2021-01-29 23:21:10.152] [exthost] [error] [bmewburn.vscode-intelephense-client] provider FAILED
[2021-01-29 23:21:10.152] [exthost] [error] Canceled: Canceled
	at w.makeCancelError (/home/raptor/.vscode-oss/extensions/bmewburn.vscode-intelephense-client-1.6.1/lib/extension.js:1:128320)
	at w.handleFailedRequest (/home/raptor/.vscode-oss/extensions/bmewburn.vscode-intelephense-client-1.6.1/lib/extension.js:1:128171)
	at /home/raptor/.vscode-oss/extensions/bmewburn.vscode-intelephense-client-1.6.1/lib/extension.js:1:91986
[2021-01-29 23:21:17.292] [exthost] [error] [bmewburn.vscode-intelephense-client] provider FAILED
[2021-01-29 23:21:17.293] [exthost] [error] Canceled: Canceled
	at w.makeCancelError (/home/raptor/.vscode-oss/extensions/bmewburn.vscode-intelephense-client-1.6.1/lib/extension.js:1:128320)
	at w.handleFailedRequest (/home/raptor/.vscode-oss/extensions/bmewburn.vscode-intelephense-client-1.6.1/lib/extension.js:1:128171)
	at /home/raptor/.vscode-oss/extensions/bmewburn.vscode-intelephense-client-1.6.1/lib/extension.js:1:91986
[2021-01-29 23:36:27.468] [exthost] [error] [bmewburn.vscode-intelephense-client] provider FAILED
[2021-01-29 23:36:27.469] [exthost] [error] Canceled: Canceled
	at w.makeCancelError (/home/raptor/.vscode-oss/extensions/bmewburn.vscode-intelephense-client-1.6.1/lib/extension.js:1:128320)
	at w.handleFailedRequest (/home/raptor/.vscode-oss/extensions/bmewburn.vscode-intelephense-client-1.6.1/lib/extension.js:1:128171)
	at /home/raptor/.vscode-oss/extensions/bmewburn.vscode-intelephense-client-1.6.1/lib/extension.js:1:91986
[2021-01-29 23:36:27.527] [exthost] [error] [bmewburn.vscode-intelephense-client] provider FAILED
[2021-01-29 23:36:27.528] [exthost] [error] Canceled: Canceled
	at w.makeCancelError (/home/raptor/.vscode-oss/extensions/bmewburn.vscode-intelephense-client-1.6.1/lib/extension.js:1:128320)
	at w.handleFailedRequest (/home/raptor/.vscode-oss/extensions/bmewburn.vscode-intelephense-client-1.6.1/lib/extension.js:1:128171)
	at /home/raptor/.vscode-oss/extensions/bmewburn.vscode-intelephense-client-1.6.1/lib/extension.js:1:91986
[2021-01-29 23:36:27.582] [exthost] [error] [bmewburn.vscode-intelephense-client] provider FAILED
[2021-01-29 23:36:27.583] [exthost] [error] Canceled: Canceled
	at w.makeCancelError (/home/raptor/.vscode-oss/extensions/bmewburn.vscode-intelephense-client-1.6.1/lib/extension.js:1:128320)
	at w.handleFailedRequest (/home/raptor/.vscode-oss/extensions/bmewburn.vscode-intelephense-client-1.6.1/lib/extension.js:1:128171)
	at /home/raptor/.vscode-oss/extensions/bmewburn.vscode-intelephense-client-1.6.1/lib/extension.js:1:91986
[2021-01-29 23:36:56.937] [exthost] [error] [bmewburn.vscode-intelephense-client] provider FAILED
[2021-01-29 23:36:56.937] [exthost] [error] Canceled: Canceled
	at w.makeCancelError (/home/raptor/.vscode-oss/extensions/bmewburn.vscode-intelephense-client-1.6.1/lib/extension.js:1:128320)
	at w.handleFailedRequest (/home/raptor/.vscode-oss/extensions/bmewburn.vscode-intelephense-client-1.6.1/lib/extension.js:1:128171)
	at /home/raptor/.vscode-oss/extensions/bmewburn.vscode-intelephense-client-1.6.1/lib/extension.js:1:91986
[2021-01-29 23:37:39.546] [exthost] [error] [bmewburn.vscode-intelephense-client] provider FAILED
[2021-01-29 23:37:39.547] [exthost] [error] Canceled: Canceled
	at w.makeCancelError (/home/raptor/.vscode-oss/extensions/bmewburn.vscode-intelephense-client-1.6.1/lib/extension.js:1:128320)
	at w.handleFailedRequest (/home/raptor/.vscode-oss/extensions/bmewburn.vscode-intelephense-client-1.6.1/lib/extension.js:1:128171)
	at /home/raptor/.vscode-oss/extensions/bmewburn.vscode-intelephense-client-1.6.1/lib/extension.js:1:91986
[2021-01-29 23:37:39.584] [exthost] [error] [bmewburn.vscode-intelephense-client] provider FAILED
[2021-01-29 23:37:39.584] [exthost] [error] Canceled: Canceled
	at w.makeCancelError (/home/raptor/.vscode-oss/extensions/bmewburn.vscode-intelephense-client-1.6.1/lib/extension.js:1:128320)
	at w.handleFailedRequest (/home/raptor/.vscode-oss/extensions/bmewburn.vscode-intelephense-client-1.6.1/lib/extension.js:1:128171)
	at /home/raptor/.vscode-oss/extensions/bmewburn.vscode-intelephense-client-1.6.1/lib/extension.js:1:91986
[2021-01-29 23:45:21.725] [exthost] [error] [bmewburn.vscode-intelephense-client] provider FAILED
[2021-01-29 23:45:21.726] [exthost] [error] Canceled: Canceled
	at w.makeCancelError (/home/raptor/.vscode-oss/extensions/bmewburn.vscode-intelephense-client-1.6.1/lib/extension.js:1:128320)
	at w.handleFailedRequest (/home/raptor/.vscode-oss/extensions/bmewburn.vscode-intelephense-client-1.6.1/lib/extension.js:1:128171)
	at /home/raptor/.vscode-oss/extensions/bmewburn.vscode-intelephense-client-1.6.1/lib/extension.js:1:91986
[2021-01-29 23:55:43.810] [exthost] [error] [bmewburn.vscode-intelephense-client] provider FAILED
[2021-01-29 23:55:43.811] [exthost] [error] Canceled: Canceled
	at w.makeCancelError (/home/raptor/.vscode-oss/extensions/bmewburn.vscode-intelephense-client-1.6.1/lib/extension.js:1:128320)
	at w.handleFailedRequest (/home/raptor/.vscode-oss/extensions/bmewburn.vscode-intelephense-client-1.6.1/lib/extension.js:1:128171)
	at /home/raptor/.vscode-oss/extensions/bmewburn.vscode-intelephense-client-1.6.1/lib/extension.js:1:91986
[2021-01-29 23:55:45.247] [exthost] [error] [bmewburn.vscode-intelephense-client] provider FAILED
[2021-01-29 23:55:45.247] [exthost] [error] Canceled: Canceled
	at w.makeCancelError (/home/raptor/.vscode-oss/extensions/bmewburn.vscode-intelephense-client-1.6.1/lib/extension.js:1:128320)
	at w.handleFailedRequest (/home/raptor/.vscode-oss/extensions/bmewburn.vscode-intelephense-client-1.6.1/lib/extension.js:1:128171)
	at /home/raptor/.vscode-oss/extensions/bmewburn.vscode-intelephense-client-1.6.1/lib/extension.js:1:91986
[2021-01-29 23:59:06.210] [exthost] [error] [bmewburn.vscode-intelephense-client] provider FAILED
[2021-01-29 23:59:06.211] [exthost] [error] Canceled: Canceled
	at w.makeCancelError (/home/raptor/.vscode-oss/extensions/bmewburn.vscode-intelephense-client-1.6.1/lib/extension.js:1:128320)
	at w.handleFailedRequest (/home/raptor/.vscode-oss/extensions/bmewburn.vscode-intelephense-client-1.6.1/lib/extension.js:1:128171)
	at /home/raptor/.vscode-oss/extensions/bmewburn.vscode-intelephense-client-1.6.1/lib/extension.js:1:91986
[2021-01-30 00:02:32.561] [exthost] [error] [bmewburn.vscode-intelephense-client] provider FAILED
[2021-01-30 00:02:32.562] [exthost] [error] Canceled: Canceled
	at w.makeCancelError (/home/raptor/.vscode-oss/extensions/bmewburn.vscode-intelephense-client-1.6.1/lib/extension.js:1:128320)
	at w.handleFailedRequest (/home/raptor/.vscode-oss/extensions/bmewburn.vscode-intelephense-client-1.6.1/lib/extension.js:1:128171)
	at /home/raptor/.vscode-oss/extensions/bmewburn.vscode-intelephense-client-1.6.1/lib/extension.js:1:91986
[2021-01-30 00:02:32.918] [exthost] [error] [bmewburn.vscode-intelephense-client] provider FAILED
[2021-01-30 00:02:32.918] [exthost] [error] Canceled: Canceled
	at w.makeCancelError (/home/raptor/.vscode-oss/extensions/bmewburn.vscode-intelephense-client-1.6.1/lib/extension.js:1:128320)
	at w.handleFailedRequest (/home/raptor/.vscode-oss/extensions/bmewburn.vscode-intelephense-client-1.6.1/lib/extension.js:1:128171)
	at /home/raptor/.vscode-oss/extensions/bmewburn.vscode-intelephense-client-1.6.1/lib/extension.js:1:91986
[2021-01-30 00:03:13.560] [exthost] [error] [bmewburn.vscode-intelephense-client] provider FAILED
[2021-01-30 00:03:13.560] [exthost] [error] Canceled: Canceled
	at w.makeCancelError (/home/raptor/.vscode-oss/extensions/bmewburn.vscode-intelephense-client-1.6.1/lib/extension.js:1:128320)
	at w.handleFailedRequest (/home/raptor/.vscode-oss/extensions/bmewburn.vscode-intelephense-client-1.6.1/lib/extension.js:1:128171)
	at /home/raptor/.vscode-oss/extensions/bmewburn.vscode-intelephense-client-1.6.1/lib/extension.js:1:91986
[2021-01-30 00:03:13.561] [exthost] [error] [bmewburn.vscode-intelephense-client] provider FAILED
[2021-01-30 00:03:13.561] [exthost] [error] Canceled: Canceled
	at w.makeCancelError (/home/raptor/.vscode-oss/extensions/bmewburn.vscode-intelephense-client-1.6.1/lib/extension.js:1:128320)
	at w.handleFailedRequest (/home/raptor/.vscode-oss/extensions/bmewburn.vscode-intelephense-client-1.6.1/lib/extension.js:1:128171)
	at /home/raptor/.vscode-oss/extensions/bmewburn.vscode-intelephense-client-1.6.1/lib/extension.js:1:91986
[2021-01-30 00:03:22.581] [exthost] [error] [bmewburn.vscode-intelephense-client] provider FAILED
[2021-01-30 00:03:22.581] [exthost] [error] Canceled: Canceled
	at w.makeCancelError (/home/raptor/.vscode-oss/extensions/bmewburn.vscode-intelephense-client-1.6.1/lib/extension.js:1:128320)
	at w.handleFailedRequest (/home/raptor/.vscode-oss/extensions/bmewburn.vscode-intelephense-client-1.6.1/lib/extension.js:1:128171)
	at /home/raptor/.vscode-oss/extensions/bmewburn.vscode-intelephense-client-1.6.1/lib/extension.js:1:91986
