[2021-02-09 17:42:33.568] [exthost] [info] extension host started
[2021-02-09 17:42:34.146] [exthost] [info] ExtensionService#_doActivateExtension vscode.debug-auto-launch {"startup":true,"extensionId":{"value":"vscode.debug-auto-launch","_lower":"vscode.debug-auto-launch"},"activationEvent":"*"}
[2021-02-09 17:42:34.146] [exthost] [info] ExtensionService#loadCommonJSModule file:///usr/lib/code/extensions/debug-auto-launch/dist/extension
[2021-02-09 17:42:34.270] [exthost] [info] ExtensionService#_doActivateExtension vscode.emmet {"startup":true,"extensionId":{"value":"vscode.emmet","_lower":"vscode.emmet"},"activationEvent":"*"}
[2021-02-09 17:42:34.271] [exthost] [info] ExtensionService#loadCommonJSModule file:///usr/lib/code/extensions/emmet/dist/node/emmetNodeMain
[2021-02-09 17:42:34.429] [exthost] [info] ExtensionService#_doActivateExtension vscode.git {"startup":true,"extensionId":{"value":"vscode.github","_lower":"vscode.github"},"activationEvent":"*"}
[2021-02-09 17:42:34.430] [exthost] [info] ExtensionService#loadCommonJSModule file:///usr/lib/code/extensions/git/dist/main
[2021-02-09 17:42:34.763] [exthost] [info] ExtensionService#_doActivateExtension vscode.merge-conflict {"startup":true,"extensionId":{"value":"vscode.merge-conflict","_lower":"vscode.merge-conflict"},"activationEvent":"*"}
[2021-02-09 17:42:34.764] [exthost] [info] ExtensionService#loadCommonJSModule file:///usr/lib/code/extensions/merge-conflict/dist/mergeConflictMain
[2021-02-09 17:42:34.821] [exthost] [info] ExtensionService#_doActivateExtension vscode.search-result {"startup":true,"extensionId":{"value":"vscode.search-result","_lower":"vscode.search-result"},"activationEvent":"*"}
[2021-02-09 17:42:34.821] [exthost] [info] ExtensionService#loadCommonJSModule file:///usr/lib/code/extensions/search-result/dist/extension.js
[2021-02-09 17:42:34.885] [exthost] [info] ExtensionService#_doActivateExtension vscodevim.vim {"startup":true,"extensionId":{"value":"vscodevim.vim","_lower":"vscodevim.vim"},"activationEvent":"*"}
[2021-02-09 17:42:34.885] [exthost] [info] ExtensionService#loadCommonJSModule file:///home/raptor/.vscode-oss/extensions/vscodevim.vim-1.18.5/out/extension
[2021-02-09 17:42:35.672] [exthost] [info] ExtensionService#_doActivateExtension ms-vscode.js-debug {"startup":false,"extensionId":{"value":"ms-vscode.js-debug","_lower":"ms-vscode.js-debug"},"activationEvent":"onCommand:extension.js-debug.clearAutoAttachVariables"}
[2021-02-09 17:42:35.672] [exthost] [info] ExtensionService#loadCommonJSModule file:///usr/lib/code/extensions/ms-vscode.js-debug/src/extension.js
[2021-02-09 17:42:36.229] [exthost] [info] ExtensionService#_doActivateExtension vscode.github {"startup":true,"extensionId":{"value":"vscode.github","_lower":"vscode.github"},"activationEvent":"*"}
[2021-02-09 17:42:36.229] [exthost] [info] ExtensionService#loadCommonJSModule file:///usr/lib/code/extensions/github/dist/extension.js
[2021-02-09 17:42:36.447] [exthost] [info] eager extensions activated
[2021-02-09 17:42:36.475] [exthost] [info] ExtensionService#_doActivateExtension vscode.php-language-features {"startup":false,"extensionId":{"value":"vscode.php-language-features","_lower":"vscode.php-language-features"},"activationEvent":"onLanguage:php"}
[2021-02-09 17:42:36.476] [exthost] [info] ExtensionService#loadCommonJSModule file:///usr/lib/code/extensions/php-language-features/dist/phpMain
[2021-02-09 17:42:37.084] [exthost] [info] ExtensionService#_doActivateExtension bmewburn.vscode-intelephense-client {"startup":false,"extensionId":{"value":"bmewburn.vscode-intelephense-client","_lower":"bmewburn.vscode-intelephense-client"},"activationEvent":"onLanguage:php"}
[2021-02-09 17:42:37.084] [exthost] [info] ExtensionService#loadCommonJSModule file:///home/raptor/.vscode-oss/extensions/bmewburn.vscode-intelephense-client-1.6.3/lib/extension
[2021-02-09 17:42:44.675] [exthost] [error] [bmewburn.vscode-intelephense-client] provider FAILED
[2021-02-09 17:42:44.676] [exthost] [error] Canceled: Canceled
	at w.makeCancelError (/home/raptor/.vscode-oss/extensions/bmewburn.vscode-intelephense-client-1.6.3/lib/extension.js:1:128320)
	at w.handleFailedRequest (/home/raptor/.vscode-oss/extensions/bmewburn.vscode-intelephense-client-1.6.3/lib/extension.js:1:128171)
	at /home/raptor/.vscode-oss/extensions/bmewburn.vscode-intelephense-client-1.6.3/lib/extension.js:1:88386
[2021-02-09 17:42:53.043] [exthost] [info] ExtensionService#_doActivateExtension vscode.html-language-features {"startup":false,"extensionId":{"value":"vscode.html-language-features","_lower":"vscode.html-language-features"},"activationEvent":"onLanguage:html"}
[2021-02-09 17:42:53.043] [exthost] [info] ExtensionService#loadCommonJSModule file:///usr/lib/code/extensions/html-language-features/client/dist/node/htmlClientMain
[2021-02-09 17:45:38.237] [exthost] [error] [bmewburn.vscode-intelephense-client] provider FAILED
[2021-02-09 17:45:38.237] [exthost] [error] Canceled: Canceled
	at w.makeCancelError (/home/raptor/.vscode-oss/extensions/bmewburn.vscode-intelephense-client-1.6.3/lib/extension.js:1:128320)
	at w.handleFailedRequest (/home/raptor/.vscode-oss/extensions/bmewburn.vscode-intelephense-client-1.6.3/lib/extension.js:1:128171)
	at /home/raptor/.vscode-oss/extensions/bmewburn.vscode-intelephense-client-1.6.3/lib/extension.js:1:91986
[2021-02-09 17:46:28.209] [exthost] [info] ExtensionService#_doActivateExtension vscode.extension-editing {"startup":false,"extensionId":{"value":"vscode.extension-editing","_lower":"vscode.extension-editing"},"activationEvent":"onLanguage:typescript"}
[2021-02-09 17:46:28.209] [exthost] [info] ExtensionService#loadCommonJSModule file:///usr/lib/code/extensions/extension-editing/dist/extensionEditingMain
[2021-02-09 17:46:28.366] [exthost] [info] ExtensionService#_doActivateExtension vscode.typescript-language-features {"startup":false,"extensionId":{"value":"vscode.typescript-language-features","_lower":"vscode.typescript-language-features"},"activationEvent":"onLanguage:typescript"}
[2021-02-09 17:46:28.367] [exthost] [info] ExtensionService#loadCommonJSModule file:///usr/lib/code/extensions/typescript-language-features/dist/extension
[2021-02-09 17:46:57.993] [exthost] [error] [bmewburn.vscode-intelephense-client] provider FAILED
[2021-02-09 17:46:57.994] [exthost] [error] Canceled: Canceled
	at w.makeCancelError (/home/raptor/.vscode-oss/extensions/bmewburn.vscode-intelephense-client-1.6.3/lib/extension.js:1:128320)
	at w.handleFailedRequest (/home/raptor/.vscode-oss/extensions/bmewburn.vscode-intelephense-client-1.6.3/lib/extension.js:1:128171)
	at /home/raptor/.vscode-oss/extensions/bmewburn.vscode-intelephense-client-1.6.3/lib/extension.js:1:91986
[2021-02-09 17:46:59.126] [exthost] [error] [bmewburn.vscode-intelephense-client] provider FAILED
[2021-02-09 17:46:59.127] [exthost] [error] Canceled: Canceled
	at w.makeCancelError (/home/raptor/.vscode-oss/extensions/bmewburn.vscode-intelephense-client-1.6.3/lib/extension.js:1:128320)
	at w.handleFailedRequest (/home/raptor/.vscode-oss/extensions/bmewburn.vscode-intelephense-client-1.6.3/lib/extension.js:1:128171)
	at /home/raptor/.vscode-oss/extensions/bmewburn.vscode-intelephense-client-1.6.3/lib/extension.js:1:91986
[2021-02-09 17:47:28.278] [exthost] [error] [bmewburn.vscode-intelephense-client] provider FAILED
[2021-02-09 17:47:28.278] [exthost] [error] Canceled: Canceled
	at w.makeCancelError (/home/raptor/.vscode-oss/extensions/bmewburn.vscode-intelephense-client-1.6.3/lib/extension.js:1:128320)
	at w.handleFailedRequest (/home/raptor/.vscode-oss/extensions/bmewburn.vscode-intelephense-client-1.6.3/lib/extension.js:1:128171)
	at /home/raptor/.vscode-oss/extensions/bmewburn.vscode-intelephense-client-1.6.3/lib/extension.js:1:91986
[2021-02-09 17:49:25.354] [exthost] [error] [bmewburn.vscode-intelephense-client] provider FAILED
[2021-02-09 17:49:25.354] [exthost] [error] Canceled: Canceled
	at w.makeCancelError (/home/raptor/.vscode-oss/extensions/bmewburn.vscode-intelephense-client-1.6.3/lib/extension.js:1:128320)
	at w.handleFailedRequest (/home/raptor/.vscode-oss/extensions/bmewburn.vscode-intelephense-client-1.6.3/lib/extension.js:1:128171)
	at /home/raptor/.vscode-oss/extensions/bmewburn.vscode-intelephense-client-1.6.3/lib/extension.js:1:91986
[2021-02-09 17:49:25.376] [exthost] [error] [bmewburn.vscode-intelephense-client] provider FAILED
[2021-02-09 17:49:25.376] [exthost] [error] Canceled: Canceled
	at w.makeCancelError (/home/raptor/.vscode-oss/extensions/bmewburn.vscode-intelephense-client-1.6.3/lib/extension.js:1:128320)
	at w.handleFailedRequest (/home/raptor/.vscode-oss/extensions/bmewburn.vscode-intelephense-client-1.6.3/lib/extension.js:1:128171)
	at /home/raptor/.vscode-oss/extensions/bmewburn.vscode-intelephense-client-1.6.3/lib/extension.js:1:91986
[2021-02-09 17:51:10.407] [exthost] [error] [bmewburn.vscode-intelephense-client] provider FAILED
[2021-02-09 17:51:10.407] [exthost] [error] Canceled: Canceled
	at w.makeCancelError (/home/raptor/.vscode-oss/extensions/bmewburn.vscode-intelephense-client-1.6.3/lib/extension.js:1:128320)
	at w.handleFailedRequest (/home/raptor/.vscode-oss/extensions/bmewburn.vscode-intelephense-client-1.6.3/lib/extension.js:1:128171)
	at /home/raptor/.vscode-oss/extensions/bmewburn.vscode-intelephense-client-1.6.3/lib/extension.js:1:91986
[2021-02-09 17:51:10.500] [exthost] [error] [bmewburn.vscode-intelephense-client] provider FAILED
[2021-02-09 17:51:10.500] [exthost] [error] Canceled: Canceled
	at w.makeCancelError (/home/raptor/.vscode-oss/extensions/bmewburn.vscode-intelephense-client-1.6.3/lib/extension.js:1:128320)
	at w.handleFailedRequest (/home/raptor/.vscode-oss/extensions/bmewburn.vscode-intelephense-client-1.6.3/lib/extension.js:1:128171)
	at /home/raptor/.vscode-oss/extensions/bmewburn.vscode-intelephense-client-1.6.3/lib/extension.js:1:91986
[2021-02-09 17:51:10.512] [exthost] [error] [bmewburn.vscode-intelephense-client] provider FAILED
[2021-02-09 17:51:10.512] [exthost] [error] Canceled: Canceled
	at w.makeCancelError (/home/raptor/.vscode-oss/extensions/bmewburn.vscode-intelephense-client-1.6.3/lib/extension.js:1:128320)
	at w.handleFailedRequest (/home/raptor/.vscode-oss/extensions/bmewburn.vscode-intelephense-client-1.6.3/lib/extension.js:1:128171)
	at /home/raptor/.vscode-oss/extensions/bmewburn.vscode-intelephense-client-1.6.3/lib/extension.js:1:91986
[2021-02-09 17:51:23.132] [exthost] [error] [bmewburn.vscode-intelephense-client] provider FAILED
[2021-02-09 17:51:23.133] [exthost] [error] Canceled: Canceled
	at w.makeCancelError (/home/raptor/.vscode-oss/extensions/bmewburn.vscode-intelephense-client-1.6.3/lib/extension.js:1:128320)
	at w.handleFailedRequest (/home/raptor/.vscode-oss/extensions/bmewburn.vscode-intelephense-client-1.6.3/lib/extension.js:1:128171)
	at /home/raptor/.vscode-oss/extensions/bmewburn.vscode-intelephense-client-1.6.3/lib/extension.js:1:91986
