[Info  - 10:45:10 AM] Initialising intelephense 1.6.1
[Info  - 10:45:10 AM] Reading state from /home/raptor/.config/Code - OSS/User/workspaceStorage/dd4bb61d75a6257a7eaeb050b1935d3a/bmewburn.vscode-intelephense-client/397b01b5.
[Info  - 10:45:11 AM] Initialised in 650 ms
[Info  - 10:45:11 AM] Indexing started.
[Info  - 10:45:11 AM] Indexing ended. 5 files indexed in 0s.
[Info  - 10:45:11 AM] Writing state to /home/raptor/.config/Code - OSS/User/workspaceStorage/dd4bb61d75a6257a7eaeb050b1935d3a/bmewburn.vscode-intelephense-client/397b01b5.
[Info  - 10:45:12 AM] Wrote state in 0.5s.
[Info  - 2:31:39 PM] Indexing started.
[Info  - 2:31:39 PM] Indexing ended. 1 files indexed in 0s.
[Info  - 6:15:41 PM] Indexing started.
[Info  - 6:15:41 PM] Indexing ended. 1 files indexed in 0s.
[Info  - 9:26:01 PM] Indexing started.
[Info  - 9:26:01 PM] Indexing ended. 1 files indexed in 0s.
[Info  - 10:43:55 PM] Indexing started.
[Info  - 10:43:56 PM] Indexing ended. 1 files indexed in 0s.
[Info  - 10:45:54 PM] Indexing started.
[Info  - 10:45:55 PM] Indexing ended. 1 files indexed in 0s.
[Info  - 10:53:47 PM] Indexing started.
[Info  - 10:53:48 PM] Indexing ended. 1 files indexed in 0s.
[Info  - 11:13:58 PM] Indexing started.
[Info  - 11:13:58 PM] Indexing ended. 1 files indexed in 0s.
[Info  - 11:45:24 PM] Indexing started.
[Info  - 11:45:24 PM] Indexing ended. 2 files indexed in 0s.
[Info  - 12:30:25 PM] Indexing started.
[Info  - 12:30:25 PM] Indexing ended. 1 files indexed in 0s.
[Info  - 2:23:23 PM] Indexing started.
[Info  - 2:23:23 PM] Indexing ended. 9 files indexed in 0s.
