[2021-01-30 10:36:58.012] [exthost] [info] extension host started
[2021-01-30 10:36:58.150] [exthost] [info] ExtensionService#_doActivateExtension vscode.css-language-features {"startup":false,"extensionId":{"value":"vscode.css-language-features","_lower":"vscode.css-language-features"},"activationEvent":"onLanguage:css"}
[2021-01-30 10:36:58.150] [exthost] [info] ExtensionService#loadCommonJSModule file:///usr/lib/code/extensions/css-language-features/client/dist/node/cssClientMain
[2021-01-30 10:36:58.254] [exthost] [info] ExtensionService#_doActivateExtension vscode.emmet {"startup":false,"extensionId":{"value":"vscode.emmet","_lower":"vscode.emmet"},"activationEvent":"onLanguage:css"}
[2021-01-30 10:36:58.254] [exthost] [info] ExtensionService#loadCommonJSModule file:///usr/lib/code/extensions/emmet/dist/node/emmetNodeMain
[2021-01-30 10:36:58.385] [exthost] [info] ExtensionService#_doActivateExtension vscode.debug-auto-launch {"startup":true,"extensionId":{"value":"vscode.debug-auto-launch","_lower":"vscode.debug-auto-launch"},"activationEvent":"*"}
[2021-01-30 10:36:58.385] [exthost] [info] ExtensionService#loadCommonJSModule file:///usr/lib/code/extensions/debug-auto-launch/dist/extension
[2021-01-30 10:36:58.421] [exthost] [info] ExtensionService#_doActivateExtension vscode.git {"startup":true,"extensionId":{"value":"vscode.github","_lower":"vscode.github"},"activationEvent":"*"}
[2021-01-30 10:36:58.421] [exthost] [info] ExtensionService#loadCommonJSModule file:///usr/lib/code/extensions/git/dist/main
[2021-01-30 10:36:58.560] [exthost] [info] ExtensionService#_doActivateExtension vscode.merge-conflict {"startup":true,"extensionId":{"value":"vscode.merge-conflict","_lower":"vscode.merge-conflict"},"activationEvent":"*"}
[2021-01-30 10:36:58.560] [exthost] [info] ExtensionService#loadCommonJSModule file:///usr/lib/code/extensions/merge-conflict/dist/mergeConflictMain
[2021-01-30 10:36:58.770] [exthost] [info] ExtensionService#_doActivateExtension vscode.search-result {"startup":true,"extensionId":{"value":"vscode.search-result","_lower":"vscode.search-result"},"activationEvent":"*"}
[2021-01-30 10:36:58.770] [exthost] [info] ExtensionService#loadCommonJSModule file:///usr/lib/code/extensions/search-result/dist/extension.js
[2021-01-30 10:36:58.822] [exthost] [info] ExtensionService#_doActivateExtension vscodevim.vim {"startup":true,"extensionId":{"value":"vscodevim.vim","_lower":"vscodevim.vim"},"activationEvent":"*"}
[2021-01-30 10:36:58.823] [exthost] [info] ExtensionService#loadCommonJSModule file:///home/raptor/.vscode-oss/extensions/vscodevim.vim-1.18.5/out/extension
[2021-01-30 10:36:59.409] [exthost] [info] ExtensionService#_doActivateExtension ms-vscode.js-debug {"startup":false,"extensionId":{"value":"ms-vscode.js-debug","_lower":"ms-vscode.js-debug"},"activationEvent":"onCommand:extension.js-debug.clearAutoAttachVariables"}
[2021-01-30 10:36:59.410] [exthost] [info] ExtensionService#loadCommonJSModule file:///usr/lib/code/extensions/ms-vscode.js-debug/src/extension.js
[2021-01-30 10:36:59.871] [exthost] [info] ExtensionService#_doActivateExtension vscode.github {"startup":true,"extensionId":{"value":"vscode.github","_lower":"vscode.github"},"activationEvent":"*"}
[2021-01-30 10:36:59.871] [exthost] [info] ExtensionService#loadCommonJSModule file:///usr/lib/code/extensions/github/dist/extension.js
[2021-01-30 10:36:59.994] [exthost] [info] eager extensions activated
[2021-01-30 10:45:08.927] [exthost] [info] ExtensionService#_doActivateExtension vscode.php-language-features {"startup":false,"extensionId":{"value":"vscode.php-language-features","_lower":"vscode.php-language-features"},"activationEvent":"onLanguage:php"}
[2021-01-30 10:45:08.928] [exthost] [info] ExtensionService#loadCommonJSModule file:///usr/lib/code/extensions/php-language-features/dist/phpMain
[2021-01-30 10:45:09.067] [exthost] [info] ExtensionService#_doActivateExtension bmewburn.vscode-intelephense-client {"startup":false,"extensionId":{"value":"bmewburn.vscode-intelephense-client","_lower":"bmewburn.vscode-intelephense-client"},"activationEvent":"onLanguage:php"}
[2021-01-30 10:45:09.067] [exthost] [info] ExtensionService#loadCommonJSModule file:///home/raptor/.vscode-oss/extensions/bmewburn.vscode-intelephense-client-1.6.1/lib/extension
[2021-01-30 10:48:44.215] [exthost] [error] [bmewburn.vscode-intelephense-client] provider FAILED
[2021-01-30 10:48:44.216] [exthost] [error] Canceled: Canceled
	at w.makeCancelError (/home/raptor/.vscode-oss/extensions/bmewburn.vscode-intelephense-client-1.6.1/lib/extension.js:1:128320)
	at w.handleFailedRequest (/home/raptor/.vscode-oss/extensions/bmewburn.vscode-intelephense-client-1.6.1/lib/extension.js:1:128171)
	at /home/raptor/.vscode-oss/extensions/bmewburn.vscode-intelephense-client-1.6.1/lib/extension.js:1:91986
[2021-01-30 10:49:08.302] [exthost] [error] [bmewburn.vscode-intelephense-client] provider FAILED
[2021-01-30 10:49:08.302] [exthost] [error] Canceled: Canceled
	at w.makeCancelError (/home/raptor/.vscode-oss/extensions/bmewburn.vscode-intelephense-client-1.6.1/lib/extension.js:1:128320)
	at w.handleFailedRequest (/home/raptor/.vscode-oss/extensions/bmewburn.vscode-intelephense-client-1.6.1/lib/extension.js:1:128171)
	at /home/raptor/.vscode-oss/extensions/bmewburn.vscode-intelephense-client-1.6.1/lib/extension.js:1:91986
[2021-01-30 10:49:21.629] [exthost] [error] [bmewburn.vscode-intelephense-client] provider FAILED
[2021-01-30 10:49:21.630] [exthost] [error] Canceled: Canceled
	at w.makeCancelError (/home/raptor/.vscode-oss/extensions/bmewburn.vscode-intelephense-client-1.6.1/lib/extension.js:1:128320)
	at w.handleFailedRequest (/home/raptor/.vscode-oss/extensions/bmewburn.vscode-intelephense-client-1.6.1/lib/extension.js:1:128171)
	at /home/raptor/.vscode-oss/extensions/bmewburn.vscode-intelephense-client-1.6.1/lib/extension.js:1:91986
[2021-01-30 10:49:22.969] [exthost] [error] [bmewburn.vscode-intelephense-client] provider FAILED
[2021-01-30 10:49:22.969] [exthost] [error] Canceled: Canceled
	at w.makeCancelError (/home/raptor/.vscode-oss/extensions/bmewburn.vscode-intelephense-client-1.6.1/lib/extension.js:1:128320)
	at w.handleFailedRequest (/home/raptor/.vscode-oss/extensions/bmewburn.vscode-intelephense-client-1.6.1/lib/extension.js:1:128171)
	at /home/raptor/.vscode-oss/extensions/bmewburn.vscode-intelephense-client-1.6.1/lib/extension.js:1:91986
[2021-01-30 10:49:40.781] [exthost] [error] [bmewburn.vscode-intelephense-client] provider FAILED
[2021-01-30 10:49:40.781] [exthost] [error] Canceled: Canceled
	at w.makeCancelError (/home/raptor/.vscode-oss/extensions/bmewburn.vscode-intelephense-client-1.6.1/lib/extension.js:1:128320)
	at w.handleFailedRequest (/home/raptor/.vscode-oss/extensions/bmewburn.vscode-intelephense-client-1.6.1/lib/extension.js:1:128171)
	at /home/raptor/.vscode-oss/extensions/bmewburn.vscode-intelephense-client-1.6.1/lib/extension.js:1:91986
[2021-01-30 14:00:26.561] [exthost] [error] [bmewburn.vscode-intelephense-client] provider FAILED
[2021-01-30 14:00:26.562] [exthost] [error] Canceled: Canceled
	at w.makeCancelError (/home/raptor/.vscode-oss/extensions/bmewburn.vscode-intelephense-client-1.6.1/lib/extension.js:1:128320)
	at w.handleFailedRequest (/home/raptor/.vscode-oss/extensions/bmewburn.vscode-intelephense-client-1.6.1/lib/extension.js:1:128171)
	at /home/raptor/.vscode-oss/extensions/bmewburn.vscode-intelephense-client-1.6.1/lib/extension.js:1:91986
[2021-01-30 14:10:05.801] [exthost] [info] ExtensionService#_doActivateExtension vscode.html-language-features {"startup":false,"extensionId":{"value":"vscode.html-language-features","_lower":"vscode.html-language-features"},"activationEvent":"onLanguage:html"}
[2021-01-30 14:10:05.802] [exthost] [info] ExtensionService#loadCommonJSModule file:///usr/lib/code/extensions/html-language-features/client/dist/node/htmlClientMain
[2021-01-30 14:10:29.082] [exthost] [error] [bmewburn.vscode-intelephense-client] provider FAILED
[2021-01-30 14:10:29.082] [exthost] [error] Canceled: Canceled
	at w.makeCancelError (/home/raptor/.vscode-oss/extensions/bmewburn.vscode-intelephense-client-1.6.1/lib/extension.js:1:128320)
	at w.handleFailedRequest (/home/raptor/.vscode-oss/extensions/bmewburn.vscode-intelephense-client-1.6.1/lib/extension.js:1:128171)
	at /home/raptor/.vscode-oss/extensions/bmewburn.vscode-intelephense-client-1.6.1/lib/extension.js:1:91986
[2021-01-30 14:10:29.092] [exthost] [error] [bmewburn.vscode-intelephense-client] provider FAILED
[2021-01-30 14:10:29.092] [exthost] [error] Canceled: Canceled
	at w.makeCancelError (/home/raptor/.vscode-oss/extensions/bmewburn.vscode-intelephense-client-1.6.1/lib/extension.js:1:128320)
	at w.handleFailedRequest (/home/raptor/.vscode-oss/extensions/bmewburn.vscode-intelephense-client-1.6.1/lib/extension.js:1:128171)
	at /home/raptor/.vscode-oss/extensions/bmewburn.vscode-intelephense-client-1.6.1/lib/extension.js:1:91986
[2021-01-30 14:10:29.093] [exthost] [error] [bmewburn.vscode-intelephense-client] provider FAILED
[2021-01-30 14:10:29.093] [exthost] [error] Canceled: Canceled
	at w.makeCancelError (/home/raptor/.vscode-oss/extensions/bmewburn.vscode-intelephense-client-1.6.1/lib/extension.js:1:128320)
	at w.handleFailedRequest (/home/raptor/.vscode-oss/extensions/bmewburn.vscode-intelephense-client-1.6.1/lib/extension.js:1:128171)
	at /home/raptor/.vscode-oss/extensions/bmewburn.vscode-intelephense-client-1.6.1/lib/extension.js:1:91986
[2021-01-30 14:10:29.094] [exthost] [error] [bmewburn.vscode-intelephense-client] provider FAILED
[2021-01-30 14:10:29.094] [exthost] [error] Canceled: Canceled
	at w.makeCancelError (/home/raptor/.vscode-oss/extensions/bmewburn.vscode-intelephense-client-1.6.1/lib/extension.js:1:128320)
	at w.handleFailedRequest (/home/raptor/.vscode-oss/extensions/bmewburn.vscode-intelephense-client-1.6.1/lib/extension.js:1:128171)
	at /home/raptor/.vscode-oss/extensions/bmewburn.vscode-intelephense-client-1.6.1/lib/extension.js:1:91986
[2021-01-30 14:10:29.095] [exthost] [error] [bmewburn.vscode-intelephense-client] provider FAILED
[2021-01-30 14:10:29.095] [exthost] [error] Canceled: Canceled
	at w.makeCancelError (/home/raptor/.vscode-oss/extensions/bmewburn.vscode-intelephense-client-1.6.1/lib/extension.js:1:128320)
	at w.handleFailedRequest (/home/raptor/.vscode-oss/extensions/bmewburn.vscode-intelephense-client-1.6.1/lib/extension.js:1:128171)
	at /home/raptor/.vscode-oss/extensions/bmewburn.vscode-intelephense-client-1.6.1/lib/extension.js:1:91986
[2021-01-30 14:10:29.096] [exthost] [error] [bmewburn.vscode-intelephense-client] provider FAILED
[2021-01-30 14:10:29.096] [exthost] [error] Canceled: Canceled
	at w.makeCancelError (/home/raptor/.vscode-oss/extensions/bmewburn.vscode-intelephense-client-1.6.1/lib/extension.js:1:128320)
	at w.handleFailedRequest (/home/raptor/.vscode-oss/extensions/bmewburn.vscode-intelephense-client-1.6.1/lib/extension.js:1:128171)
	at /home/raptor/.vscode-oss/extensions/bmewburn.vscode-intelephense-client-1.6.1/lib/extension.js:1:91986
[2021-01-30 14:10:29.097] [exthost] [error] [bmewburn.vscode-intelephense-client] provider FAILED
[2021-01-30 14:10:29.097] [exthost] [error] Canceled: Canceled
	at w.makeCancelError (/home/raptor/.vscode-oss/extensions/bmewburn.vscode-intelephense-client-1.6.1/lib/extension.js:1:128320)
	at w.handleFailedRequest (/home/raptor/.vscode-oss/extensions/bmewburn.vscode-intelephense-client-1.6.1/lib/extension.js:1:128171)
	at /home/raptor/.vscode-oss/extensions/bmewburn.vscode-intelephense-client-1.6.1/lib/extension.js:1:91986
[2021-01-30 14:10:29.098] [exthost] [error] [bmewburn.vscode-intelephense-client] provider FAILED
[2021-01-30 14:10:29.098] [exthost] [error] Canceled: Canceled
	at w.makeCancelError (/home/raptor/.vscode-oss/extensions/bmewburn.vscode-intelephense-client-1.6.1/lib/extension.js:1:128320)
	at w.handleFailedRequest (/home/raptor/.vscode-oss/extensions/bmewburn.vscode-intelephense-client-1.6.1/lib/extension.js:1:128171)
	at /home/raptor/.vscode-oss/extensions/bmewburn.vscode-intelephense-client-1.6.1/lib/extension.js:1:91986
[2021-01-30 14:10:29.099] [exthost] [error] [bmewburn.vscode-intelephense-client] provider FAILED
[2021-01-30 14:10:29.099] [exthost] [error] Canceled: Canceled
	at w.makeCancelError (/home/raptor/.vscode-oss/extensions/bmewburn.vscode-intelephense-client-1.6.1/lib/extension.js:1:128320)
	at w.handleFailedRequest (/home/raptor/.vscode-oss/extensions/bmewburn.vscode-intelephense-client-1.6.1/lib/extension.js:1:128171)
	at /home/raptor/.vscode-oss/extensions/bmewburn.vscode-intelephense-client-1.6.1/lib/extension.js:1:91986
[2021-01-30 14:10:29.100] [exthost] [error] [bmewburn.vscode-intelephense-client] provider FAILED
[2021-01-30 14:10:29.100] [exthost] [error] Canceled: Canceled
	at w.makeCancelError (/home/raptor/.vscode-oss/extensions/bmewburn.vscode-intelephense-client-1.6.1/lib/extension.js:1:128320)
	at w.handleFailedRequest (/home/raptor/.vscode-oss/extensions/bmewburn.vscode-intelephense-client-1.6.1/lib/extension.js:1:128171)
	at /home/raptor/.vscode-oss/extensions/bmewburn.vscode-intelephense-client-1.6.1/lib/extension.js:1:91986
[2021-01-30 14:10:29.101] [exthost] [error] [bmewburn.vscode-intelephense-client] provider FAILED
[2021-01-30 14:10:29.101] [exthost] [error] Canceled: Canceled
	at w.makeCancelError (/home/raptor/.vscode-oss/extensions/bmewburn.vscode-intelephense-client-1.6.1/lib/extension.js:1:128320)
	at w.handleFailedRequest (/home/raptor/.vscode-oss/extensions/bmewburn.vscode-intelephense-client-1.6.1/lib/extension.js:1:128171)
	at /home/raptor/.vscode-oss/extensions/bmewburn.vscode-intelephense-client-1.6.1/lib/extension.js:1:91986
[2021-01-30 14:10:29.102] [exthost] [error] [bmewburn.vscode-intelephense-client] provider FAILED
[2021-01-30 14:10:29.102] [exthost] [error] Canceled: Canceled
	at w.makeCancelError (/home/raptor/.vscode-oss/extensions/bmewburn.vscode-intelephense-client-1.6.1/lib/extension.js:1:128320)
	at w.handleFailedRequest (/home/raptor/.vscode-oss/extensions/bmewburn.vscode-intelephense-client-1.6.1/lib/extension.js:1:128171)
	at /home/raptor/.vscode-oss/extensions/bmewburn.vscode-intelephense-client-1.6.1/lib/extension.js:1:91986
[2021-01-30 14:10:29.102] [exthost] [error] [bmewburn.vscode-intelephense-client] provider FAILED
[2021-01-30 14:10:29.102] [exthost] [error] Canceled: Canceled
	at w.makeCancelError (/home/raptor/.vscode-oss/extensions/bmewburn.vscode-intelephense-client-1.6.1/lib/extension.js:1:128320)
	at w.handleFailedRequest (/home/raptor/.vscode-oss/extensions/bmewburn.vscode-intelephense-client-1.6.1/lib/extension.js:1:128171)
	at /home/raptor/.vscode-oss/extensions/bmewburn.vscode-intelephense-client-1.6.1/lib/extension.js:1:91986
[2021-01-30 14:10:29.103] [exthost] [error] [bmewburn.vscode-intelephense-client] provider FAILED
[2021-01-30 14:10:29.103] [exthost] [error] Canceled: Canceled
	at w.makeCancelError (/home/raptor/.vscode-oss/extensions/bmewburn.vscode-intelephense-client-1.6.1/lib/extension.js:1:128320)
	at w.handleFailedRequest (/home/raptor/.vscode-oss/extensions/bmewburn.vscode-intelephense-client-1.6.1/lib/extension.js:1:128171)
	at /home/raptor/.vscode-oss/extensions/bmewburn.vscode-intelephense-client-1.6.1/lib/extension.js:1:91986
[2021-01-30 14:10:29.104] [exthost] [error] [bmewburn.vscode-intelephense-client] provider FAILED
[2021-01-30 14:10:29.104] [exthost] [error] Canceled: Canceled
	at w.makeCancelError (/home/raptor/.vscode-oss/extensions/bmewburn.vscode-intelephense-client-1.6.1/lib/extension.js:1:128320)
	at w.handleFailedRequest (/home/raptor/.vscode-oss/extensions/bmewburn.vscode-intelephense-client-1.6.1/lib/extension.js:1:128171)
	at /home/raptor/.vscode-oss/extensions/bmewburn.vscode-intelephense-client-1.6.1/lib/extension.js:1:91986
[2021-01-30 14:10:29.104] [exthost] [error] [bmewburn.vscode-intelephense-client] provider FAILED
[2021-01-30 14:10:29.104] [exthost] [error] Canceled: Canceled
	at w.makeCancelError (/home/raptor/.vscode-oss/extensions/bmewburn.vscode-intelephense-client-1.6.1/lib/extension.js:1:128320)
	at w.handleFailedRequest (/home/raptor/.vscode-oss/extensions/bmewburn.vscode-intelephense-client-1.6.1/lib/extension.js:1:128171)
	at /home/raptor/.vscode-oss/extensions/bmewburn.vscode-intelephense-client-1.6.1/lib/extension.js:1:91986
[2021-01-30 14:10:29.105] [exthost] [error] [bmewburn.vscode-intelephense-client] provider FAILED
[2021-01-30 14:10:29.105] [exthost] [error] Canceled: Canceled
	at w.makeCancelError (/home/raptor/.vscode-oss/extensions/bmewburn.vscode-intelephense-client-1.6.1/lib/extension.js:1:128320)
	at w.handleFailedRequest (/home/raptor/.vscode-oss/extensions/bmewburn.vscode-intelephense-client-1.6.1/lib/extension.js:1:128171)
	at /home/raptor/.vscode-oss/extensions/bmewburn.vscode-intelephense-client-1.6.1/lib/extension.js:1:91986
[2021-01-30 14:10:29.106] [exthost] [error] [bmewburn.vscode-intelephense-client] provider FAILED
[2021-01-30 14:10:29.106] [exthost] [error] Canceled: Canceled
	at w.makeCancelError (/home/raptor/.vscode-oss/extensions/bmewburn.vscode-intelephense-client-1.6.1/lib/extension.js:1:128320)
	at w.handleFailedRequest (/home/raptor/.vscode-oss/extensions/bmewburn.vscode-intelephense-client-1.6.1/lib/extension.js:1:128171)
	at /home/raptor/.vscode-oss/extensions/bmewburn.vscode-intelephense-client-1.6.1/lib/extension.js:1:91986
[2021-01-30 14:10:29.106] [exthost] [error] [bmewburn.vscode-intelephense-client] provider FAILED
[2021-01-30 14:10:29.106] [exthost] [error] Canceled: Canceled
	at w.makeCancelError (/home/raptor/.vscode-oss/extensions/bmewburn.vscode-intelephense-client-1.6.1/lib/extension.js:1:128320)
	at w.handleFailedRequest (/home/raptor/.vscode-oss/extensions/bmewburn.vscode-intelephense-client-1.6.1/lib/extension.js:1:128171)
	at /home/raptor/.vscode-oss/extensions/bmewburn.vscode-intelephense-client-1.6.1/lib/extension.js:1:91986
[2021-01-30 14:10:30.940] [exthost] [error] [bmewburn.vscode-intelephense-client] provider FAILED
[2021-01-30 14:10:30.940] [exthost] [error] Canceled: Canceled
	at w.makeCancelError (/home/raptor/.vscode-oss/extensions/bmewburn.vscode-intelephense-client-1.6.1/lib/extension.js:1:128320)
	at w.handleFailedRequest (/home/raptor/.vscode-oss/extensions/bmewburn.vscode-intelephense-client-1.6.1/lib/extension.js:1:128171)
	at /home/raptor/.vscode-oss/extensions/bmewburn.vscode-intelephense-client-1.6.1/lib/extension.js:1:91986
[2021-01-30 14:18:03.445] [exthost] [error] [bmewburn.vscode-intelephense-client] provider FAILED
[2021-01-30 14:18:03.445] [exthost] [error] Canceled: Canceled
	at w.makeCancelError (/home/raptor/.vscode-oss/extensions/bmewburn.vscode-intelephense-client-1.6.1/lib/extension.js:1:128320)
	at w.handleFailedRequest (/home/raptor/.vscode-oss/extensions/bmewburn.vscode-intelephense-client-1.6.1/lib/extension.js:1:128171)
	at /home/raptor/.vscode-oss/extensions/bmewburn.vscode-intelephense-client-1.6.1/lib/extension.js:1:91986
[2021-01-30 14:21:27.090] [exthost] [error] [bmewburn.vscode-intelephense-client] provider FAILED
[2021-01-30 14:21:27.090] [exthost] [error] Canceled: Canceled
	at w.makeCancelError (/home/raptor/.vscode-oss/extensions/bmewburn.vscode-intelephense-client-1.6.1/lib/extension.js:1:128320)
	at w.handleFailedRequest (/home/raptor/.vscode-oss/extensions/bmewburn.vscode-intelephense-client-1.6.1/lib/extension.js:1:128171)
	at /home/raptor/.vscode-oss/extensions/bmewburn.vscode-intelephense-client-1.6.1/lib/extension.js:1:91986
[2021-01-30 14:32:04.552] [exthost] [error] [bmewburn.vscode-intelephense-client] provider FAILED
[2021-01-30 14:32:04.552] [exthost] [error] Canceled: Canceled
	at w.makeCancelError (/home/raptor/.vscode-oss/extensions/bmewburn.vscode-intelephense-client-1.6.1/lib/extension.js:1:128320)
	at w.handleFailedRequest (/home/raptor/.vscode-oss/extensions/bmewburn.vscode-intelephense-client-1.6.1/lib/extension.js:1:128171)
	at /home/raptor/.vscode-oss/extensions/bmewburn.vscode-intelephense-client-1.6.1/lib/extension.js:1:91986
[2021-01-30 14:39:17.212] [exthost] [error] [bmewburn.vscode-intelephense-client] provider FAILED
[2021-01-30 14:39:17.212] [exthost] [error] Canceled: Canceled
	at w.makeCancelError (/home/raptor/.vscode-oss/extensions/bmewburn.vscode-intelephense-client-1.6.1/lib/extension.js:1:128320)
	at w.handleFailedRequest (/home/raptor/.vscode-oss/extensions/bmewburn.vscode-intelephense-client-1.6.1/lib/extension.js:1:128171)
	at /home/raptor/.vscode-oss/extensions/bmewburn.vscode-intelephense-client-1.6.1/lib/extension.js:1:91986
[2021-01-30 14:39:18.344] [exthost] [error] [bmewburn.vscode-intelephense-client] provider FAILED
[2021-01-30 14:39:18.344] [exthost] [error] Canceled: Canceled
	at w.makeCancelError (/home/raptor/.vscode-oss/extensions/bmewburn.vscode-intelephense-client-1.6.1/lib/extension.js:1:128320)
	at w.handleFailedRequest (/home/raptor/.vscode-oss/extensions/bmewburn.vscode-intelephense-client-1.6.1/lib/extension.js:1:128171)
	at /home/raptor/.vscode-oss/extensions/bmewburn.vscode-intelephense-client-1.6.1/lib/extension.js:1:91986
[2021-01-30 14:41:56.747] [exthost] [error] [bmewburn.vscode-intelephense-client] provider FAILED
[2021-01-30 14:41:56.747] [exthost] [error] Canceled: Canceled
	at w.makeCancelError (/home/raptor/.vscode-oss/extensions/bmewburn.vscode-intelephense-client-1.6.1/lib/extension.js:1:128320)
	at w.handleFailedRequest (/home/raptor/.vscode-oss/extensions/bmewburn.vscode-intelephense-client-1.6.1/lib/extension.js:1:128171)
	at /home/raptor/.vscode-oss/extensions/bmewburn.vscode-intelephense-client-1.6.1/lib/extension.js:1:91986
[2021-01-30 14:41:56.750] [exthost] [error] [bmewburn.vscode-intelephense-client] provider FAILED
[2021-01-30 14:41:56.750] [exthost] [error] Canceled: Canceled
	at w.makeCancelError (/home/raptor/.vscode-oss/extensions/bmewburn.vscode-intelephense-client-1.6.1/lib/extension.js:1:128320)
	at w.handleFailedRequest (/home/raptor/.vscode-oss/extensions/bmewburn.vscode-intelephense-client-1.6.1/lib/extension.js:1:128171)
	at /home/raptor/.vscode-oss/extensions/bmewburn.vscode-intelephense-client-1.6.1/lib/extension.js:1:91986
[2021-01-30 14:41:56.755] [exthost] [error] [bmewburn.vscode-intelephense-client] provider FAILED
[2021-01-30 14:41:56.755] [exthost] [error] Canceled: Canceled
	at w.makeCancelError (/home/raptor/.vscode-oss/extensions/bmewburn.vscode-intelephense-client-1.6.1/lib/extension.js:1:128320)
	at w.handleFailedRequest (/home/raptor/.vscode-oss/extensions/bmewburn.vscode-intelephense-client-1.6.1/lib/extension.js:1:128171)
	at /home/raptor/.vscode-oss/extensions/bmewburn.vscode-intelephense-client-1.6.1/lib/extension.js:1:91986
[2021-01-31 18:28:20.802] [exthost] [warning] TextEditor is closed/disposed
[2021-01-31 18:28:20.802] [exthost] [warning] TextEditor is closed/disposed
[2021-01-31 18:28:20.845] [exthost] [warning] {"name":"DISPOSED","message":"TextEditor(vs.editor.ICodeEditor:1,$model12) has been disposed"}
[2021-01-31 18:42:37.198] [exthost] [error] [bmewburn.vscode-intelephense-client] provider FAILED
[2021-01-31 18:42:37.198] [exthost] [error] Canceled: Canceled
	at w.makeCancelError (/home/raptor/.vscode-oss/extensions/bmewburn.vscode-intelephense-client-1.6.1/lib/extension.js:1:128320)
	at w.handleFailedRequest (/home/raptor/.vscode-oss/extensions/bmewburn.vscode-intelephense-client-1.6.1/lib/extension.js:1:128171)
	at /home/raptor/.vscode-oss/extensions/bmewburn.vscode-intelephense-client-1.6.1/lib/extension.js:1:91986
[2021-01-31 18:47:58.109] [exthost] [error] [bmewburn.vscode-intelephense-client] provider FAILED
[2021-01-31 18:47:58.109] [exthost] [error] Canceled: Canceled
	at w.makeCancelError (/home/raptor/.vscode-oss/extensions/bmewburn.vscode-intelephense-client-1.6.1/lib/extension.js:1:128320)
	at w.handleFailedRequest (/home/raptor/.vscode-oss/extensions/bmewburn.vscode-intelephense-client-1.6.1/lib/extension.js:1:128171)
	at /home/raptor/.vscode-oss/extensions/bmewburn.vscode-intelephense-client-1.6.1/lib/extension.js:1:91986
[2021-01-31 18:59:53.993] [exthost] [warning] TextEditor is closed/disposed
[2021-01-31 18:59:53.993] [exthost] [warning] TextEditor is closed/disposed
[2021-01-31 18:59:54.037] [exthost] [warning] {"name":"DISPOSED","message":"TextEditor(vs.editor.ICodeEditor:1,$model14) has been disposed"}
[2021-02-02 18:19:11.117] [exthost] [error] [bmewburn.vscode-intelephense-client] provider FAILED
[2021-02-02 18:19:11.293] [exthost] [error] Canceled: Canceled
	at w.makeCancelError (/home/raptor/.vscode-oss/extensions/bmewburn.vscode-intelephense-client-1.6.1/lib/extension.js:1:128320)
	at w.handleFailedRequest (/home/raptor/.vscode-oss/extensions/bmewburn.vscode-intelephense-client-1.6.1/lib/extension.js:1:128171)
	at /home/raptor/.vscode-oss/extensions/bmewburn.vscode-intelephense-client-1.6.1/lib/extension.js:1:91986
[2021-02-02 18:26:50.501] [exthost] [warning] TextEditor is closed/disposed
[2021-02-02 18:26:50.501] [exthost] [warning] TextEditor is closed/disposed
[2021-02-02 18:26:50.665] [exthost] [warning] {"name":"DISPOSED","message":"TextEditor(vs.editor.ICodeEditor:1,$model24) has been disposed"}
[2021-02-02 18:30:00.484] [exthost] [info] ExtensionService#_doActivateExtension vscode.extension-editing {"startup":false,"extensionId":{"value":"vscode.extension-editing","_lower":"vscode.extension-editing"},"activationEvent":"onLanguage:typescript"}
[2021-02-02 18:30:00.488] [exthost] [info] ExtensionService#loadCommonJSModule file:///usr/lib/code/extensions/extension-editing/dist/extensionEditingMain
[2021-02-02 18:30:00.680] [exthost] [info] ExtensionService#_doActivateExtension vscode.typescript-language-features {"startup":false,"extensionId":{"value":"vscode.typescript-language-features","_lower":"vscode.typescript-language-features"},"activationEvent":"onLanguage:typescript"}
[2021-02-02 18:30:00.680] [exthost] [info] ExtensionService#loadCommonJSModule file:///usr/lib/code/extensions/typescript-language-features/dist/extension
[2021-02-02 18:34:45.977] [exthost] [warning] TextEditor is closed/disposed
[2021-02-02 18:34:45.977] [exthost] [warning] TextEditor is closed/disposed
[2021-02-02 18:34:45.985] [exthost] [warning] {"name":"DISPOSED","message":"TextEditor(vs.editor.ICodeEditor:1,$model26) has been disposed"}
[2021-02-02 18:49:58.071] [exthost] [error] [bmewburn.vscode-intelephense-client] provider FAILED
[2021-02-02 18:49:58.072] [exthost] [error] Canceled: Canceled
	at w.makeCancelError (/home/raptor/.vscode-oss/extensions/bmewburn.vscode-intelephense-client-1.6.1/lib/extension.js:1:128320)
	at w.handleFailedRequest (/home/raptor/.vscode-oss/extensions/bmewburn.vscode-intelephense-client-1.6.1/lib/extension.js:1:128171)
	at /home/raptor/.vscode-oss/extensions/bmewburn.vscode-intelephense-client-1.6.1/lib/extension.js:1:91986
[2021-02-02 18:49:58.398] [exthost] [error] [bmewburn.vscode-intelephense-client] provider FAILED
[2021-02-02 18:49:58.398] [exthost] [error] Canceled: Canceled
	at w.makeCancelError (/home/raptor/.vscode-oss/extensions/bmewburn.vscode-intelephense-client-1.6.1/lib/extension.js:1:128320)
	at w.handleFailedRequest (/home/raptor/.vscode-oss/extensions/bmewburn.vscode-intelephense-client-1.6.1/lib/extension.js:1:128171)
	at /home/raptor/.vscode-oss/extensions/bmewburn.vscode-intelephense-client-1.6.1/lib/extension.js:1:91986
[2021-02-02 18:49:58.401] [exthost] [error] [bmewburn.vscode-intelephense-client] provider FAILED
[2021-02-02 18:49:58.401] [exthost] [error] Canceled: Canceled
	at w.makeCancelError (/home/raptor/.vscode-oss/extensions/bmewburn.vscode-intelephense-client-1.6.1/lib/extension.js:1:128320)
	at w.handleFailedRequest (/home/raptor/.vscode-oss/extensions/bmewburn.vscode-intelephense-client-1.6.1/lib/extension.js:1:128171)
	at /home/raptor/.vscode-oss/extensions/bmewburn.vscode-intelephense-client-1.6.1/lib/extension.js:1:91986
[2021-02-02 18:49:58.443] [exthost] [error] [bmewburn.vscode-intelephense-client] provider FAILED
[2021-02-02 18:49:58.444] [exthost] [error] Canceled: Canceled
	at w.makeCancelError (/home/raptor/.vscode-oss/extensions/bmewburn.vscode-intelephense-client-1.6.1/lib/extension.js:1:128320)
	at w.handleFailedRequest (/home/raptor/.vscode-oss/extensions/bmewburn.vscode-intelephense-client-1.6.1/lib/extension.js:1:128171)
	at /home/raptor/.vscode-oss/extensions/bmewburn.vscode-intelephense-client-1.6.1/lib/extension.js:1:91986
[2021-02-02 18:58:51.762] [exthost] [warning] TextEditor is closed/disposed
[2021-02-02 18:58:51.762] [exthost] [warning] TextEditor is closed/disposed
[2021-02-02 18:58:51.805] [exthost] [warning] {"name":"DISPOSED","message":"TextEditor(vs.editor.ICodeEditor:1,$model29) has been disposed"}
[2021-02-02 19:17:40.627] [exthost] [error] [bmewburn.vscode-intelephense-client] provider FAILED
[2021-02-02 19:17:40.628] [exthost] [error] Canceled: Canceled
	at w.makeCancelError (/home/raptor/.vscode-oss/extensions/bmewburn.vscode-intelephense-client-1.6.1/lib/extension.js:1:128320)
	at w.handleFailedRequest (/home/raptor/.vscode-oss/extensions/bmewburn.vscode-intelephense-client-1.6.1/lib/extension.js:1:128171)
	at /home/raptor/.vscode-oss/extensions/bmewburn.vscode-intelephense-client-1.6.1/lib/extension.js:1:91986
[2021-02-02 19:17:41.598] [exthost] [error] [bmewburn.vscode-intelephense-client] provider FAILED
[2021-02-02 19:17:41.598] [exthost] [error] Canceled: Canceled
	at w.makeCancelError (/home/raptor/.vscode-oss/extensions/bmewburn.vscode-intelephense-client-1.6.1/lib/extension.js:1:128320)
	at w.handleFailedRequest (/home/raptor/.vscode-oss/extensions/bmewburn.vscode-intelephense-client-1.6.1/lib/extension.js:1:128171)
	at /home/raptor/.vscode-oss/extensions/bmewburn.vscode-intelephense-client-1.6.1/lib/extension.js:1:91986
[2021-02-02 19:17:42.503] [exthost] [error] [bmewburn.vscode-intelephense-client] provider FAILED
[2021-02-02 19:17:42.503] [exthost] [error] Canceled: Canceled
	at w.makeCancelError (/home/raptor/.vscode-oss/extensions/bmewburn.vscode-intelephense-client-1.6.1/lib/extension.js:1:128320)
	at w.handleFailedRequest (/home/raptor/.vscode-oss/extensions/bmewburn.vscode-intelephense-client-1.6.1/lib/extension.js:1:128171)
	at /home/raptor/.vscode-oss/extensions/bmewburn.vscode-intelephense-client-1.6.1/lib/extension.js:1:91986
[2021-02-02 21:26:38.517] [exthost] [warning] TextEditor is closed/disposed
[2021-02-02 21:26:38.518] [exthost] [warning] TextEditor is closed/disposed
[2021-02-02 21:26:38.697] [exthost] [warning] {"name":"DISPOSED","message":"TextEditor(vs.editor.ICodeEditor:1,$model39) has been disposed"}
[2021-02-02 22:06:52.625] [exthost] [error] [bmewburn.vscode-intelephense-client] provider FAILED
[2021-02-02 22:06:52.633] [exthost] [error] Canceled: Canceled
	at w.makeCancelError (/home/raptor/.vscode-oss/extensions/bmewburn.vscode-intelephense-client-1.6.1/lib/extension.js:1:128320)
	at w.handleFailedRequest (/home/raptor/.vscode-oss/extensions/bmewburn.vscode-intelephense-client-1.6.1/lib/extension.js:1:128171)
	at /home/raptor/.vscode-oss/extensions/bmewburn.vscode-intelephense-client-1.6.1/lib/extension.js:1:91986
[2021-02-02 22:14:56.278] [exthost] [warning] TextEditor is closed/disposed
[2021-02-02 22:14:56.278] [exthost] [warning] TextEditor is closed/disposed
[2021-02-02 22:14:56.329] [exthost] [warning] {"name":"DISPOSED","message":"TextEditor(vs.editor.ICodeEditor:1,$model41) has been disposed"}
[2021-02-02 22:23:14.299] [exthost] [error] [bmewburn.vscode-intelephense-client] provider FAILED
[2021-02-02 22:23:14.299] [exthost] [error] Canceled: Canceled
	at w.makeCancelError (/home/raptor/.vscode-oss/extensions/bmewburn.vscode-intelephense-client-1.6.1/lib/extension.js:1:128320)
	at w.handleFailedRequest (/home/raptor/.vscode-oss/extensions/bmewburn.vscode-intelephense-client-1.6.1/lib/extension.js:1:128171)
	at /home/raptor/.vscode-oss/extensions/bmewburn.vscode-intelephense-client-1.6.1/lib/extension.js:1:91986
[2021-02-02 22:39:45.057] [exthost] [warning] TextEditor is closed/disposed
[2021-02-02 22:39:45.057] [exthost] [warning] TextEditor is closed/disposed
[2021-02-02 22:39:45.093] [exthost] [warning] {"name":"DISPOSED","message":"TextEditor(vs.editor.ICodeEditor:1,$model47) has been disposed"}
[2021-02-02 22:45:36.228] [exthost] [warning] TextEditor is closed/disposed
[2021-02-02 22:45:36.228] [exthost] [warning] TextEditor is closed/disposed
[2021-02-02 22:45:36.274] [exthost] [warning] {"name":"DISPOSED","message":"TextEditor(vs.editor.ICodeEditor:1,$model27) has been disposed"}
[2021-02-02 22:58:04.769] [exthost] [error] [bmewburn.vscode-intelephense-client] provider FAILED
[2021-02-02 22:58:04.770] [exthost] [error] Canceled: Canceled
	at w.makeCancelError (/home/raptor/.vscode-oss/extensions/bmewburn.vscode-intelephense-client-1.6.1/lib/extension.js:1:128320)
	at w.handleFailedRequest (/home/raptor/.vscode-oss/extensions/bmewburn.vscode-intelephense-client-1.6.1/lib/extension.js:1:128171)
	at /home/raptor/.vscode-oss/extensions/bmewburn.vscode-intelephense-client-1.6.1/lib/extension.js:1:91986
[2021-02-02 22:58:04.770] [exthost] [error] [bmewburn.vscode-intelephense-client] provider FAILED
[2021-02-02 22:58:04.770] [exthost] [error] Canceled: Canceled
	at w.makeCancelError (/home/raptor/.vscode-oss/extensions/bmewburn.vscode-intelephense-client-1.6.1/lib/extension.js:1:128320)
	at w.handleFailedRequest (/home/raptor/.vscode-oss/extensions/bmewburn.vscode-intelephense-client-1.6.1/lib/extension.js:1:128171)
	at /home/raptor/.vscode-oss/extensions/bmewburn.vscode-intelephense-client-1.6.1/lib/extension.js:1:91986
[2021-02-02 23:14:20.308] [exthost] [error] [bmewburn.vscode-intelephense-client] provider FAILED
[2021-02-02 23:14:20.308] [exthost] [error] Canceled: Canceled
	at w.makeCancelError (/home/raptor/.vscode-oss/extensions/bmewburn.vscode-intelephense-client-1.6.1/lib/extension.js:1:128320)
	at w.handleFailedRequest (/home/raptor/.vscode-oss/extensions/bmewburn.vscode-intelephense-client-1.6.1/lib/extension.js:1:128171)
	at /home/raptor/.vscode-oss/extensions/bmewburn.vscode-intelephense-client-1.6.1/lib/extension.js:1:91986
[2021-02-02 23:14:20.333] [exthost] [error] [bmewburn.vscode-intelephense-client] provider FAILED
[2021-02-02 23:14:20.333] [exthost] [error] Canceled: Canceled
	at w.makeCancelError (/home/raptor/.vscode-oss/extensions/bmewburn.vscode-intelephense-client-1.6.1/lib/extension.js:1:128320)
	at w.handleFailedRequest (/home/raptor/.vscode-oss/extensions/bmewburn.vscode-intelephense-client-1.6.1/lib/extension.js:1:128171)
	at /home/raptor/.vscode-oss/extensions/bmewburn.vscode-intelephense-client-1.6.1/lib/extension.js:1:91986
[2021-02-02 23:14:20.341] [exthost] [error] [bmewburn.vscode-intelephense-client] provider FAILED
[2021-02-02 23:14:20.341] [exthost] [error] Canceled: Canceled
	at w.makeCancelError (/home/raptor/.vscode-oss/extensions/bmewburn.vscode-intelephense-client-1.6.1/lib/extension.js:1:128320)
	at w.handleFailedRequest (/home/raptor/.vscode-oss/extensions/bmewburn.vscode-intelephense-client-1.6.1/lib/extension.js:1:128171)
	at /home/raptor/.vscode-oss/extensions/bmewburn.vscode-intelephense-client-1.6.1/lib/extension.js:1:91986
[2021-02-02 23:14:20.597] [exthost] [error] [bmewburn.vscode-intelephense-client] provider FAILED
[2021-02-02 23:14:20.597] [exthost] [error] Canceled: Canceled
	at w.makeCancelError (/home/raptor/.vscode-oss/extensions/bmewburn.vscode-intelephense-client-1.6.1/lib/extension.js:1:128320)
	at w.handleFailedRequest (/home/raptor/.vscode-oss/extensions/bmewburn.vscode-intelephense-client-1.6.1/lib/extension.js:1:128171)
	at /home/raptor/.vscode-oss/extensions/bmewburn.vscode-intelephense-client-1.6.1/lib/extension.js:1:91986
[2021-02-02 23:30:57.813] [exthost] [warning] TextEditor is closed/disposed
[2021-02-02 23:30:57.813] [exthost] [warning] TextEditor is closed/disposed
[2021-02-02 23:30:57.827] [exthost] [warning] {"name":"DISPOSED","message":"TextEditor(vs.editor.ICodeEditor:1,$model54) has been disposed"}
[2021-02-02 23:45:05.022] [exthost] [warning] TextEditor is closed/disposed
[2021-02-02 23:45:05.022] [exthost] [warning] TextEditor is closed/disposed
[2021-02-02 23:45:05.046] [exthost] [warning] {"name":"DISPOSED","message":"TextEditor(vs.editor.ICodeEditor:1,$model50) has been disposed"}
[2021-02-02 23:54:29.185] [exthost] [warning] TextEditor is closed/disposed
[2021-02-02 23:54:29.186] [exthost] [warning] TextEditor is closed/disposed
[2021-02-02 23:54:29.225] [exthost] [warning] {"name":"DISPOSED","message":"TextEditor(vs.editor.ICodeEditor:1,$model4) has been disposed"}
[2021-02-02 23:54:33.145] [exthost] [warning] TextEditor is closed/disposed
[2021-02-02 23:54:33.145] [exthost] [warning] TextEditor is closed/disposed
[2021-02-02 23:54:33.196] [exthost] [warning] {"name":"DISPOSED","message":"TextEditor(vs.editor.ICodeEditor:1,$model56) has been disposed"}
[2021-02-03 00:06:35.589] [exthost] [warning] TextEditor is closed/disposed
[2021-02-03 00:06:35.589] [exthost] [warning] TextEditor is closed/disposed
[2021-02-03 00:06:35.650] [exthost] [warning] {"name":"DISPOSED","message":"TextEditor(vs.editor.ICodeEditor:1,$model60) has been disposed"}
[2021-02-03 00:08:56.080] [exthost] [warning] TextEditor is closed/disposed
[2021-02-03 00:08:56.080] [exthost] [warning] TextEditor is closed/disposed
[2021-02-03 00:08:56.097] [exthost] [warning] {"name":"DISPOSED","message":"TextEditor(vs.editor.ICodeEditor:1,$model62) has been disposed"}
[2021-02-03 12:05:40.457] [exthost] [warning] TextEditor is closed/disposed
[2021-02-03 12:05:40.458] [exthost] [warning] TextEditor is closed/disposed
[2021-02-03 12:05:40.532] [exthost] [warning] {"name":"DISPOSED","message":"TextEditor(vs.editor.ICodeEditor:1,$model63) has been disposed"}
[2021-02-03 12:34:09.930] [exthost] [error] [bmewburn.vscode-intelephense-client] provider FAILED
[2021-02-03 12:34:09.932] [exthost] [error] Canceled: Canceled
	at w.makeCancelError (/home/raptor/.vscode-oss/extensions/bmewburn.vscode-intelephense-client-1.6.1/lib/extension.js:1:128320)
	at w.handleFailedRequest (/home/raptor/.vscode-oss/extensions/bmewburn.vscode-intelephense-client-1.6.1/lib/extension.js:1:128171)
	at /home/raptor/.vscode-oss/extensions/bmewburn.vscode-intelephense-client-1.6.1/lib/extension.js:1:91986
	at runNextTicks (internal/process/task_queues.js:59:5)
	at processImmediate (internal/timers.js:412:9)
[2021-02-03 12:34:09.933] [exthost] [error] [bmewburn.vscode-intelephense-client] provider FAILED
[2021-02-03 12:34:09.933] [exthost] [error] Canceled: Canceled
	at w.makeCancelError (/home/raptor/.vscode-oss/extensions/bmewburn.vscode-intelephense-client-1.6.1/lib/extension.js:1:128320)
	at w.handleFailedRequest (/home/raptor/.vscode-oss/extensions/bmewburn.vscode-intelephense-client-1.6.1/lib/extension.js:1:128171)
	at /home/raptor/.vscode-oss/extensions/bmewburn.vscode-intelephense-client-1.6.1/lib/extension.js:1:91986
[2021-02-03 12:34:09.933] [exthost] [error] [bmewburn.vscode-intelephense-client] provider FAILED
[2021-02-03 12:34:09.933] [exthost] [error] Canceled: Canceled
	at w.makeCancelError (/home/raptor/.vscode-oss/extensions/bmewburn.vscode-intelephense-client-1.6.1/lib/extension.js:1:128320)
	at w.handleFailedRequest (/home/raptor/.vscode-oss/extensions/bmewburn.vscode-intelephense-client-1.6.1/lib/extension.js:1:128171)
	at /home/raptor/.vscode-oss/extensions/bmewburn.vscode-intelephense-client-1.6.1/lib/extension.js:1:91986
	at runNextTicks (internal/process/task_queues.js:59:5)
	at processImmediate (internal/timers.js:412:9)
[2021-02-03 12:34:10.219] [exthost] [error] [bmewburn.vscode-intelephense-client] provider FAILED
[2021-02-03 12:34:10.220] [exthost] [error] Canceled: Canceled
	at w.makeCancelError (/home/raptor/.vscode-oss/extensions/bmewburn.vscode-intelephense-client-1.6.1/lib/extension.js:1:128320)
	at w.handleFailedRequest (/home/raptor/.vscode-oss/extensions/bmewburn.vscode-intelephense-client-1.6.1/lib/extension.js:1:128171)
	at /home/raptor/.vscode-oss/extensions/bmewburn.vscode-intelephense-client-1.6.1/lib/extension.js:1:91986
[2021-02-03 12:35:38.206] [exthost] [error] [bmewburn.vscode-intelephense-client] provider FAILED
[2021-02-03 12:35:38.206] [exthost] [error] Canceled: Canceled
	at w.makeCancelError (/home/raptor/.vscode-oss/extensions/bmewburn.vscode-intelephense-client-1.6.1/lib/extension.js:1:128320)
	at w.handleFailedRequest (/home/raptor/.vscode-oss/extensions/bmewburn.vscode-intelephense-client-1.6.1/lib/extension.js:1:128171)
	at /home/raptor/.vscode-oss/extensions/bmewburn.vscode-intelephense-client-1.6.1/lib/extension.js:1:91986
[2021-02-03 12:35:38.210] [exthost] [error] [bmewburn.vscode-intelephense-client] provider FAILED
[2021-02-03 12:35:38.210] [exthost] [error] Canceled: Canceled
	at w.makeCancelError (/home/raptor/.vscode-oss/extensions/bmewburn.vscode-intelephense-client-1.6.1/lib/extension.js:1:128320)
	at w.handleFailedRequest (/home/raptor/.vscode-oss/extensions/bmewburn.vscode-intelephense-client-1.6.1/lib/extension.js:1:128171)
	at /home/raptor/.vscode-oss/extensions/bmewburn.vscode-intelephense-client-1.6.1/lib/extension.js:1:91986
[2021-02-03 12:35:38.858] [exthost] [error] [bmewburn.vscode-intelephense-client] provider FAILED
[2021-02-03 12:35:38.859] [exthost] [error] Canceled: Canceled
	at w.makeCancelError (/home/raptor/.vscode-oss/extensions/bmewburn.vscode-intelephense-client-1.6.1/lib/extension.js:1:128320)
	at w.handleFailedRequest (/home/raptor/.vscode-oss/extensions/bmewburn.vscode-intelephense-client-1.6.1/lib/extension.js:1:128171)
	at /home/raptor/.vscode-oss/extensions/bmewburn.vscode-intelephense-client-1.6.1/lib/extension.js:1:91986
[2021-02-03 12:40:06.562] [exthost] [error] [bmewburn.vscode-intelephense-client] provider FAILED
[2021-02-03 12:40:06.563] [exthost] [error] Canceled: Canceled
	at w.makeCancelError (/home/raptor/.vscode-oss/extensions/bmewburn.vscode-intelephense-client-1.6.1/lib/extension.js:1:128320)
	at w.handleFailedRequest (/home/raptor/.vscode-oss/extensions/bmewburn.vscode-intelephense-client-1.6.1/lib/extension.js:1:128171)
	at /home/raptor/.vscode-oss/extensions/bmewburn.vscode-intelephense-client-1.6.1/lib/extension.js:1:91986
[2021-02-03 12:46:26.006] [exthost] [error] [bmewburn.vscode-intelephense-client] provider FAILED
[2021-02-03 12:46:26.006] [exthost] [error] Canceled: Canceled
	at w.makeCancelError (/home/raptor/.vscode-oss/extensions/bmewburn.vscode-intelephense-client-1.6.1/lib/extension.js:1:128320)
	at w.handleFailedRequest (/home/raptor/.vscode-oss/extensions/bmewburn.vscode-intelephense-client-1.6.1/lib/extension.js:1:128171)
	at /home/raptor/.vscode-oss/extensions/bmewburn.vscode-intelephense-client-1.6.1/lib/extension.js:1:91986
[2021-02-03 12:46:33.478] [exthost] [error] [bmewburn.vscode-intelephense-client] provider FAILED
[2021-02-03 12:46:33.478] [exthost] [error] Canceled: Canceled
	at w.makeCancelError (/home/raptor/.vscode-oss/extensions/bmewburn.vscode-intelephense-client-1.6.1/lib/extension.js:1:128320)
	at w.handleFailedRequest (/home/raptor/.vscode-oss/extensions/bmewburn.vscode-intelephense-client-1.6.1/lib/extension.js:1:128171)
	at /home/raptor/.vscode-oss/extensions/bmewburn.vscode-intelephense-client-1.6.1/lib/extension.js:1:91986
[2021-02-03 12:50:19.407] [exthost] [error] [bmewburn.vscode-intelephense-client] provider FAILED
[2021-02-03 12:50:19.408] [exthost] [error] Canceled: Canceled
	at w.makeCancelError (/home/raptor/.vscode-oss/extensions/bmewburn.vscode-intelephense-client-1.6.1/lib/extension.js:1:128320)
	at w.handleFailedRequest (/home/raptor/.vscode-oss/extensions/bmewburn.vscode-intelephense-client-1.6.1/lib/extension.js:1:128171)
	at /home/raptor/.vscode-oss/extensions/bmewburn.vscode-intelephense-client-1.6.1/lib/extension.js:1:91986
