[2021-01-27 20:05:53.825] [renderer1] [error] [File Watcher (node.js)] Error: ENOENT: no such file or directory, stat '/home/raptor/program/servers/shop_software/.vscode'
[2021-01-27 20:07:20.450] [renderer1] [warning] Settings pattern "workbench.fontAliasing" doesn't match any settings
[2021-01-27 20:07:20.454] [renderer1] [warning] Settings pattern "settingsSync.*" doesn't match any settings
[2021-01-27 20:07:20.454] [renderer1] [warning] Settings pattern "sync.*" doesn't match any settings
[2021-01-27 20:08:56.451] [renderer1] [error] EACCES: permission denied, open '/usr/lib/code/extensions/json-language-features/package.json': Error: EACCES: permission denied, open '/usr/lib/code/extensions/json-language-features/package.json'
[2021-01-27 20:08:56.452] [renderer1] [error] EACCES: permission denied, open '/usr/lib/code/extensions/json/package.json': Error: EACCES: permission denied, open '/usr/lib/code/extensions/json/package.json'
[2021-01-27 20:08:56.452] [renderer1] [error] EACCES: permission denied, open '/usr/lib/code/extensions/html-language-features/package.json': Error: EACCES: permission denied, open '/usr/lib/code/extensions/html-language-features/package.json'
[2021-01-27 20:08:56.452] [renderer1] [error] EACCES: permission denied, open '/usr/lib/code/extensions/css/package.json': Error: EACCES: permission denied, open '/usr/lib/code/extensions/css/package.json'
[2021-01-27 20:08:56.453] [renderer1] [error] EACCES: permission denied, open '/usr/lib/code/extensions/shellscript/package.json': Error: EACCES: permission denied, open '/usr/lib/code/extensions/shellscript/package.json'
[2021-01-27 20:08:56.453] [renderer1] [error] EACCES: permission denied, open '/usr/lib/code/extensions/html/package.json': Error: EACCES: permission denied, open '/usr/lib/code/extensions/html/package.json'
[2021-01-27 20:08:56.453] [renderer1] [error] EACCES: permission denied, open '/usr/lib/code/extensions/xml/package.json': Error: EACCES: permission denied, open '/usr/lib/code/extensions/xml/package.json'
[2021-01-27 20:08:56.454] [renderer1] [error] EACCES: permission denied, open '/usr/lib/code/extensions/cpp/package.json': Error: EACCES: permission denied, open '/usr/lib/code/extensions/cpp/package.json'
[2021-01-27 20:08:56.454] [renderer1] [error] EACCES: permission denied, open '/usr/lib/code/extensions/yaml/package.json': Error: EACCES: permission denied, open '/usr/lib/code/extensions/yaml/package.json'
[2021-01-27 20:08:56.455] [renderer1] [error] EACCES: permission denied, open '/usr/lib/code/extensions/markdown-basics/package.json': Error: EACCES: permission denied, open '/usr/lib/code/extensions/markdown-basics/package.json'
[2021-01-27 20:08:56.455] [renderer1] [error] EACCES: permission denied, open '/usr/lib/code/extensions/python/package.json': Error: EACCES: permission denied, open '/usr/lib/code/extensions/python/package.json'
[2021-01-27 20:08:56.455] [renderer1] [error] EACCES: permission denied, open '/usr/lib/code/extensions/typescript-basics/package.json': Error: EACCES: permission denied, open '/usr/lib/code/extensions/typescript-basics/package.json'
[2021-01-27 20:08:56.455] [renderer1] [error] EACCES: permission denied, open '/usr/lib/code/extensions/typescript-language-features/package.json': Error: EACCES: permission denied, open '/usr/lib/code/extensions/typescript-language-features/package.json'
[2021-01-27 20:08:56.456] [renderer1] [error] EACCES: permission denied, open '/usr/lib/code/extensions/merge-conflict/package.json': Error: EACCES: permission denied, open '/usr/lib/code/extensions/merge-conflict/package.json'
[2021-01-27 20:08:56.456] [renderer1] [error] EACCES: permission denied, open '/usr/lib/code/extensions/docker/package.json': Error: EACCES: permission denied, open '/usr/lib/code/extensions/docker/package.json'
[2021-01-27 20:08:56.456] [renderer1] [error] EACCES: permission denied, open '/usr/lib/code/extensions/javascript/package.json': Error: EACCES: permission denied, open '/usr/lib/code/extensions/javascript/package.json'
[2021-01-27 20:08:56.456] [renderer1] [error] EACCES: permission denied, open '/usr/lib/code/extensions/markdown-language-features/package.json': Error: EACCES: permission denied, open '/usr/lib/code/extensions/markdown-language-features/package.json'
[2021-01-27 20:08:56.456] [renderer1] [error] EACCES: permission denied, open '/usr/lib/code/extensions/log/package.json': Error: EACCES: permission denied, open '/usr/lib/code/extensions/log/package.json'
[2021-01-27 20:08:56.456] [renderer1] [error] EACCES: permission denied, open '/usr/lib/code/extensions/java/package.json': Error: EACCES: permission denied, open '/usr/lib/code/extensions/java/package.json'
[2021-01-27 20:08:56.457] [renderer1] [error] EACCES: permission denied, open '/usr/lib/code/extensions/make/package.json': Error: EACCES: permission denied, open '/usr/lib/code/extensions/make/package.json'
[2021-01-27 20:08:56.457] [renderer1] [error] EACCES: permission denied, open '/usr/lib/code/extensions/configuration-editing/package.json': Error: EACCES: permission denied, open '/usr/lib/code/extensions/configuration-editing/package.json'
[2021-01-27 20:08:56.457] [renderer1] [error] EACCES: permission denied, open '/usr/lib/code/extensions/sql/package.json': Error: EACCES: permission denied, open '/usr/lib/code/extensions/sql/package.json'
[2021-01-27 20:08:56.457] [renderer1] [error] EACCES: permission denied, open '/usr/lib/code/extensions/debug-auto-launch/package.json': Error: EACCES: permission denied, open '/usr/lib/code/extensions/debug-auto-launch/package.json'
[2021-01-27 20:08:56.458] [renderer1] [error] EACCES: permission denied, open '/usr/lib/code/extensions/theme-monokai/package.json': Error: EACCES: permission denied, open '/usr/lib/code/extensions/theme-monokai/package.json'
[2021-01-27 20:08:56.459] [renderer1] [error] EACCES: permission denied, open '/usr/lib/code/extensions/less/package.json': Error: EACCES: permission denied, open '/usr/lib/code/extensions/less/package.json'
[2021-01-27 20:08:56.460] [renderer1] [error] EACCES: permission denied, open '/usr/lib/code/extensions/handlebars/package.json': Error: EACCES: permission denied, open '/usr/lib/code/extensions/handlebars/package.json'
[2021-01-27 20:08:56.461] [renderer1] [error] EACCES: permission denied, open '/usr/lib/code/extensions/theme-tomorrow-night-blue/package.json': Error: EACCES: permission denied, open '/usr/lib/code/extensions/theme-tomorrow-night-blue/package.json'
[2021-01-27 20:08:56.461] [renderer1] [error] EACCES: permission denied, open '/usr/lib/code/extensions/theme-solarized-dark/package.json': Error: EACCES: permission denied, open '/usr/lib/code/extensions/theme-solarized-dark/package.json'
[2021-01-27 20:08:56.462] [renderer1] [error] EACCES: permission denied, open '/usr/lib/code/extensions/theme-defaults/package.json': Error: EACCES: permission denied, open '/usr/lib/code/extensions/theme-defaults/package.json'
[2021-01-27 20:08:56.462] [renderer1] [error] EACCES: permission denied, open '/usr/lib/code/extensions/theme-red/package.json': Error: EACCES: permission denied, open '/usr/lib/code/extensions/theme-red/package.json'
[2021-01-27 20:08:56.463] [renderer1] [error] EACCES: permission denied, open '/usr/lib/code/extensions/theme-abyss/package.json': Error: EACCES: permission denied, open '/usr/lib/code/extensions/theme-abyss/package.json'
[2021-01-27 20:08:56.463] [renderer1] [error] EACCES: permission denied, open '/usr/lib/code/extensions/theme-kimbie-dark/package.json': Error: EACCES: permission denied, open '/usr/lib/code/extensions/theme-kimbie-dark/package.json'
[2021-01-27 20:08:56.463] [renderer1] [error] EACCES: permission denied, open '/usr/lib/code/extensions/theme-quietlight/package.json': Error: EACCES: permission denied, open '/usr/lib/code/extensions/theme-quietlight/package.json'
[2021-01-27 20:08:56.463] [renderer1] [error] EACCES: permission denied, open '/usr/lib/code/extensions/powershell/package.json': Error: EACCES: permission denied, open '/usr/lib/code/extensions/powershell/package.json'
[2021-01-27 20:08:56.464] [renderer1] [error] EACCES: permission denied, open '/usr/lib/code/extensions/go/package.json': Error: EACCES: permission denied, open '/usr/lib/code/extensions/go/package.json'
[2021-01-27 20:08:56.464] [renderer1] [error] EACCES: permission denied, open '/usr/lib/code/extensions/bat/package.json': Error: EACCES: permission denied, open '/usr/lib/code/extensions/bat/package.json'
[2021-01-27 20:08:56.464] [renderer1] [error] EACCES: permission denied, open '/usr/lib/code/extensions/theme-seti/package.json': Error: EACCES: permission denied, open '/usr/lib/code/extensions/theme-seti/package.json'
[2021-01-27 20:08:56.464] [renderer1] [error] EACCES: permission denied, open '/usr/lib/code/extensions/theme-monokai-dimmed/package.json': Error: EACCES: permission denied, open '/usr/lib/code/extensions/theme-monokai-dimmed/package.json'
[2021-01-27 20:08:56.464] [renderer1] [error] EACCES: permission denied, open '/usr/lib/code/extensions/scss/package.json': Error: EACCES: permission denied, open '/usr/lib/code/extensions/scss/package.json'
[2021-01-27 20:08:56.464] [renderer1] [error] EACCES: permission denied, open '/usr/lib/code/extensions/groovy/package.json': Error: EACCES: permission denied, open '/usr/lib/code/extensions/groovy/package.json'
[2021-01-27 20:08:56.464] [renderer1] [error] EACCES: permission denied, open '/usr/lib/code/extensions/perl/package.json': Error: EACCES: permission denied, open '/usr/lib/code/extensions/perl/package.json'
[2021-01-27 20:08:56.465] [renderer1] [error] EACCES: permission denied, open '/usr/lib/code/extensions/clojure/package.json': Error: EACCES: permission denied, open '/usr/lib/code/extensions/clojure/package.json'
[2021-01-27 20:08:56.465] [renderer1] [error] EACCES: permission denied, open '/usr/lib/code/extensions/coffeescript/package.json': Error: EACCES: permission denied, open '/usr/lib/code/extensions/coffeescript/package.json'
[2021-01-27 20:09:36.377] [renderer1] [error] ENOENT: no such file or directory, open '/home/raptor/.config/Code - OSS/User/globalStorage/vscodevim.vim/.registers': Error: ENOENT: no such file or directory, open '/home/raptor/.config/Code - OSS/User/globalStorage/vscodevim.vim/.registers'
[2021-01-27 20:10:01.955] [renderer1] [warning] Settings pattern "workbench.fontAliasing" doesn't match any settings
[2021-01-27 20:10:01.962] [renderer1] [warning] Settings pattern "settingsSync.*" doesn't match any settings
[2021-01-27 20:10:01.962] [renderer1] [warning] Settings pattern "sync.*" doesn't match any settings
[2021-01-27 20:10:08.209] [renderer1] [warning] Settings pattern "workbench.fontAliasing" doesn't match any settings
[2021-01-27 20:10:08.211] [renderer1] [warning] Settings pattern "settingsSync.*" doesn't match any settings
[2021-01-27 20:10:08.211] [renderer1] [warning] Settings pattern "sync.*" doesn't match any settings
[2021-01-27 20:10:09.610] [renderer1] [warning] Settings pattern "workbench.fontAliasing" doesn't match any settings
[2021-01-27 20:10:09.613] [renderer1] [warning] Settings pattern "settingsSync.*" doesn't match any settings
[2021-01-27 20:10:09.613] [renderer1] [warning] Settings pattern "sync.*" doesn't match any settings
